337248 26363803376 -91000
24 144 0
416 1648 408
125 124 123
36 288 12
6 8 2
65 984 17
16 48 8
449 40300 -201
236 235 -234
140 804 128
206 9009 80
69 434 -55
460 1371 454
77 360 67
429 25704 -285
9 14 -5
504 63479 -10
533525372380901504 2895573976648675534880479 533525372370047010
280 5911 234
382 18525 -268
12 35 2
970 172725 500
260 1771 246
589 30324 475
95 1656 -49
42 185 32
51 188 43
2514 140049 -2400
24579 172004 24565
9 14 -5
2348 16387 -2334
17 60 7
1253126 1253125 1253124
6 5 4
50 184 42
127 126 125
5658 180032 -5594
29 78 23
2513 137592 -2401
44 288 28
55 376 39
85 684 67
574 2845 564
125 3864 13
675 55584 -483
488 4311 -470
5073 2262026 4085
1038 265761 120
5068 2239131 4090
47594789458356497486480366 23654610360803179250780494893 -47594789458356497486479372
393601945193596183898012821977460863140907609388 4944487764469775032963882310912267615817340038802959916028053317018513340329403283675778955 393576820086148893351489871526831608088595083082
