1 316925141248
1 495913042350
1 45810623225
1 311587629504
1 6581742319
1 308244011586
1 519712469370
1 35880746627
1 221066102339
1 109214560749
1 673664927488
2 206572178929
2 216657938641
1 30136035784
1 17970278188
1 120251163993
1 388329380639
1 390229960935
1 478872107305
1 380812658999
1 295190275724
13 51496861297
1 119576603665
1 288934701176
13 83968328252
1 117859609462
1 428319180711
2 101211911651
1 160183501779
1 706719874617
1 37158305961
1 397744840829
13 56632665487
1 92544264043
1 695519059848
13 33637116206
1 688151140501
1 442750417708
1 528609081842
2 66345302359
2 121341399095
13 3137932326
1 313891105410
1 518149940253
1 529597719392
13 117119267545
2 129014700731
1 618584635572
1 61424097555
1 702806052011
1 498765833360
1 28138915945
1 467782668656
1 297598867392
1 91539242507
1 304085049254
1 714326375360
1 407030874192
1 393584880109
1 445744710957
1 88719575273
1 263523556197
1 462454201783
1 460136341615
2 196686574261
67 276876536
1 87255812881
1 433521033900
13 30877411924
1 218095117201
13 67751710279
1 616537329898
13 109313450644
1 324667687272
13 37561505532
2 101920360023
1 176866023484
1 221624565810
1 155755337855
1 538942673245
1 709161695620
2 34202242393
1 155547638475
1 672723847649
1 576690615164
1 589625999609
2 156506119701
1 104974468372
1 595615731504
13 118757403593
2 133252414863
1 361749784199
2 186868414647
1 702868376151
1 455825652274
2 232637259553
1 382985076590
1 241182397136
13 50213727386
1 165950896320
13 13077875862
1 311812920309
1 665241695883
13 82144026949
1 620642514155
2 139878891551
1 138052940208
1 330037714408
1 41682016368
1 409307783042
1 481637407470
13 49222389800
1 123870242976
1 105233985800
1 548851232407
13 141869868345
1 456578291864
1 636719083359
1 655668108571
1 355517150202
13 106989427058
13 98953481040
39 1652385076
1 141535145892
1 100832116696
2 237145319759
1 178295755025
1 295601903831
1 178983668154
1 361565224212
1 80943220111
1 445981409244
1 670227424367
1 36295763790
13 43887007349
2 256614033241
13 40752075608
1 445177807838
1 354959409788
1 195270117329
13 133647754971
1 61167352868
13 135000152389
13 33633477919
1 153454291822
13 91871843636
1 31378024728
1 86230401988
2 143985802001
1 245350814740
1 111557164495
1 421416823532
1 206269351856
2 204453021467
13 32694446333
2 181431943241
1 674410297789
13 137423757359
1 535987463936
2 272204865383
1 443860174636
1 12102850680
2 67978242713
1 379497595154
1 370757148945
1 517349184462
39 2040375202
1 236293815906
1 260027214424
1 140520962271
1 422324646838
1 197773954828
1 508066214229
1 456497423824
1 328265402604
67 514311976
1 206989933982
1 25425244594
1 142913486992
1 39174415470
1 201366651786
1 215969471996
1 489162885096
1 691602981033
13 126250112374
1 45381403320
1 320963480182
1 555633703260
1 385821682349
13 121528072090
1 277833716285
2 180841635531
13 356483025
1 538975894540
1 10402757860
1 505908374020
1 697353207315
1 195714030265
1 106483942285
1 122349550866
39 14241907022
1 581779540957
2 251499966201
13 76366226776
1 66392795047
1 392638149550
1 478202346849
1 449445341794
2 60833470925
13 94261976425
1 185941312516
746 456710471
2 220925257389
1 484538426202
1 365149395673
1 213821790669
1 612769789146
1 47130910562
1 359016120286
1 272185549517
1 277590867265
1 353360661398
2 189029496037
1 384089391394
1 419941878126
1 169779215854
1 394338719130
13 46505189928
1 606082677595
1 546798477476
1 95663787818
1 47068321351
1 624870038196
1 690525627868
1 277273224323
1 693457899379
1 103738208664
1 293535527361
1 101906636066
1 145803558277
13 16656617742
1 676318496355
1 457503597603
1 600685088814
1 581531041147
13 119480065229
1 288606963988
2 37719634731
2 152316184181
13 70101844558
2 62650971005
2 111134347143
1 359924888215
13 145721722837
1 446200633661
2 145457356535
1 571508602671
39 2719026403
13 16246444543
1 394290848919
1 511801809055
1 423372858255
1 157148035447
1 572888833140
1 631067266801
13 6657302050
2 185984474185
1 417905036156
13 35627387064
13 109261982099
1 397342105278
1 627681325223
1 611972979466
13 50298001318
2 190315649067
13 119769682363
1 620639808343
1 675280273965
39 11688022039
1 655628066877
1 266000899233
1 248908073666
1 617561773496
1 224867449105
1 64290336586
2 227889732569
13 66824136253
1 558482096148
13 121552119571
1 45370895506
1 379776161792
1 516911960538
1 13785011348
1 432615599062
1 83143461234
1 705077769230
13 62168011560
2 69180295307
13 65385313246
1 105824511170
1 572975325020
13 108572790633
2 238872940431
39 20117581690
13 114353044347
1 193006375746
1 145152999369
1 335337731384
1 587822295103
1 357597755179
1 289729338662
1 192494272248
1 177007969740
1 111537169063
1 6866645732
1 695023298937
2 248477717121
13 7899770633
2 169099946041
1 476618037448
1 234700469899
1 342356299027
1 26122764440
2 189207684365
13 78804041556
2 256123997217
13 121394075265
1 479853662278
1 219248230709
1 212007136920
1 104700349763
1 542563682130
1 146237754081
13 122027326205
2 169686653937
13 73377555178
1 499165312887
1 163969619285
1 686767508378
2 150877363701
13 87137687396
1 135869721783
1 590760980896
1 666657887999
1 661691066766
1 622342568578
1 51678746
2 144704530267
2 54256849619
1 572962522164
1 106691867765
13 40918551123
1 605117979874
13 66749543786
13 139475287025
1 279670322794
1 662069370415
1 582600297649
13 79677034548
13 90584594319
1 538761491769
2 167127084695
1 359715506248
1 270171788931
1 563338133271
2 60350440957
1 680455913366
1 714759025920
1 83109169923
1 518350021740
1 655355674409
1 135051105216
2 128582757003
1 248899115909
1 178536779829
1 490378127254
1 536914566441
13 20137773895
3 1285584316
1 120516065899
1 431817356969
13 59199435988
1 453293891079
13 30460515798
1 214662122911
2 190760249537
2 266745430913
13 25339525357
13 4468515008
1 99403327623
1 279311158213
1 620226624702
1 367235201699
1 56845661133
1 4882253419
13 11192027670
13 113240591835
1 338570742317
1 543416366764
2 133748095803
1 640941187952
1 471079336564
2 41449674283
1 320554895573
1 282591576200
1 501327233923
1 571665323285
1 358696840413
1 314900055912
2 204343714381
13 49785123404
1 16487381543
13 130351705748
1 653083770062
1 5048333431
1 653376156347
1 349494811677
2 207987707357
2 268451157725
2 122981956289
1 421420643459
1 419408656658
1 239876519407
1 517033787104
1 408924302530
13 89398291777
1 663841339499
1 310386177895
1 183483394931
1 393274551224
1 217372126412
1 598031786686
2 39488407375
1 20879877413
1 133778188653
1 693934976971
13 36730298989
2 121178194015
1 664198871041
1 268802232224
1 277581682424
13 121290906680
1 299776074033
1 599610176143
13 145484603840
1 180638128011
39 6073399609
1 599214131524
13 94520654199
1 441484948887
1 319087616567
2 114119376131
1 306654984634
1 405078257397
13 48089056593
1 497329577487
1 331874192171
13 113868673342
13 37107830382
1 296547011765
13 134624416126
1 321200055557
13 41971008216
1 708939730003
1 7113109668
1 455038676071
1 224400908656
13 147602902076
1 427857658949
1 468386077527
1 207572503422
1 417506701863
2 35120223823
1 551536337973
1 553883220741
2 140033340303
13 39363711708
1 299894068951
1 336174238923
1 167674576073
1 70810511756
1 108348846255
1 27898587670
2 202301929771
1 432742024058
1 15851910032
1 164687532956
2 49073782355
1 636339883368
1 213709813308
1 439349829797
2 111411035161
1 290130664
1 560622485071
1 446564153547
1 259816878381
1 670361188137
1 301164313064
1 521899140188
1 163494825724
1 339680506425
2 172952164339
1 259267905449
2 107863948517
1 18569003446
1 505684018648
13 80059790784
1 363714865820
1 367088361828
1 81489486024
1 250513524504
1 612489776285
1 523701167862
1 446962200578
13 85877217943
1 603326225449
3 613752130
1 179310832380
1 142633996095
1 470833915829
1 556199578706
1 536275541314
1 313595027350
1 343617883440
1 278121725514
1 619056648774
1 337861524955
13 107740809331
1 560418796395
1 301925829296
1 579201897661
1 615574739172
1 427061738133
2 198264977493
1 598187422947
1 49852345466
1 584543945223
1 132011626422
1 219880920636
2 172871426231
1 125301527787
1 617961145653
13 36014044320
13 131857117251
1 248762483879
2 177792989049
13 13521770892
1 251006776002
1 474517223847
1 71417062965
1 23540811479
13 47113986414
13 128969505829
1 484923814465
1 415781267822
1 289641441256
1 277113912610
1 283713301922
1 176090322631
1 3851365033
1 88212917883
2 224003238979
13 493992131
1 71402248019
2 42319895847
2 102824355767
1 297859318772
1 217579576211
1 389046797689
1 281658361313
1 580520361895
2 106282004493
13 92680506980
1 255761736881
2 198451799563
1 235551153732
1 298372511100
2 195056035335
1 643402531281
13 64334115519
1 348048795766
1 478368395019
13 148988121955
1 695882687341
1 22695672026
13 5665548710
13 139555141975
2 166914391333
2 160211751247
1 98862592009
1 301017803510
2 31478665829
1 55443805054
1 417207012667
2 84430935247
1 338212198113
1 632385225104
2 36366217165
13 1495981403
1 674783594240
1 691099898122
13 75935675102
1 714761902075
13 42202443371
1 158392932508
1 608274108753
13 79488385628
1 699017477802
2 193591210941
13 40140144211
1 153174379339
2 99865995007
2 204379964683
1 442040988517
1 647385733231
2 173219299859
1 475159615456
1 588700051900
1 238572435275
1 88468663466
1 456905550606
1 447564668831
1 591757184561
1 20017777664
39 13739956741
1 256161685128
2 172785276733
2 45487887827
1 145707938769
13 122646969535
1 207326326888
39 21383882608
1 687697706162
1 373967293977
1 302698249337
1 307293492664
13 91200888021
1 284513777588
1 188795751099
1 325842127665
1 263059396259
1 151828274598
1 524913877972
13 109560678757
2 225905580675
1 24465982605
1 666036548000
13 105568287693
1 536650571885
1 313309990892
13 8017269409
1 186774077725
1 98464574636
1 54351576791
1 142800624583
2 104296381319
13 46287490943
1 114155059716
1 240700743199
1 209831118820
2 247528304799
1 20542214847
