1 186372414426
3 526505204848
1 234258547913
1 74866951805
3 404155709674
3 323620435834
3 326881995854
2 30955132443
1 259241867326
3 402181511053
3 523146077398
8 139604056483
8 48587512737
4 52009210563
1 38850347935
3 315447910003
8 30220412723
4 30259442395
3 314156266106
2 45047959057
3 330407977316
3 637947579935
2 18714505741
3 570734421560
1 422179449124
3 416938222204
3 125824031807
3 605161588645
1 200468790623
1 62544340961
4 65157833817
2 16415352111
1 321505607106
3 462199889339
1 324484066934
3 403844768696
1 228258828988
1 392038592588
4 9632695131
3 372147714677
1 393353778016
8 134353379041
4 27012372137
1 110983711449
3 559215286922
3 312576356237
2 15615385605
1 317361100971
1 200764145761
1 11432312366
4 24288676165
1 107674010018
1 328309197277
1 257839553656
8 77605297269
1 170222111264
1 154067567399
2 17472956807
1 426539745327
1 97686502331
8 82539241273
3 117502105094
3 248076811180
1 396420154574
3 238283932955
3 541287786239
3 557894073682
3 601971376192
3 240503098243
3 166255142426
1 273678223008
3 114713517181
3 111897825826
3 418470589477
1 162221939677
1 334268532847
3 139285440296
4 2599823151
3 572788399244
2 12488838613
3 172243827269
3 593989317103
3 376484211044
1 245505951571
1 60048162465
3 442695506216
3 548423000570
8 76985977175
1 269588724302
3 228734060836
4 31249239047
3 291075356093
1 245541643318
3 278016524437
3 184163641324
3 470309312356
1 163565962789
1 357053975071
2 5705791663
1 334334285620
1 174936582063
1 283637526096
3 262453582424
1 56190247065
1 308982571320
1 359710725473
3 435639149201
1 296639245760
3 200887362221
1 273039159224
1 387182578024
3 408770567797
3 208556982199
1 420404432598
1 428260030049
3 403784977387
1 115976253567
4 95893124009
8 60908978677
1 334876190822
3 276245648603
1 72176183235
3 510880704685
3 479972124238
3 459387896908
1 411397395937
1 244526873867
3 284833179298
3 500419610981
1 303230875163
4 20803992651
3 295779867812
1 33118073677
3 388867009961
4 79890273543
1 9073288894
1 185215918582
1 138410410977
1 47031879341
1 379326872392
3 425983023986
3 453908037856
3 550574900995
4 3987353585
1 149639235834
3 317762986823
3 309332530156
3 101448962929
3 263886832816
3 478384585709
1 374546573922
1 127439306404
1 376055763321
1 270459387671
8 94952709761
3 331276868323
1 143877553112
1 213563104100
3 473666941411
8 2228934059
3 640782022516
1 128145677258
8 19006116843
1 14674181246
1 283661662957
4 17345654825
3 410720124146
3 410105793058
3 133437057818
3 622907828486
3 313966112173
1 74211633312
3 475451903318
1 230264415821
4 49731799433
1 102493663025
1 416127736745
1 343107594267
3 161004959050
1 395766336434
1 66522877542
1 382606368691
1 365051949878
1 261350718147
3 313231706291
3 123369822755
1 428878393723
1 266592965762
2 5490071115
3 392167502006
1 319207056899
3 492550020125
1 336807259300
1 263135381935
3 555272558836
1 36724057310
1 155913112275
3 334001939479
1 341870993710
8 131946032225
1 80211311038
3 563730648725
3 428590821958
4 68041524411
3 357948228463
1 162321727994
1 158560854685
1 407775507676
1 275315813655
4 54809193945
8 206238007273
3 199099160578
1 104266798040
4 38689206923
1 337680730284
1 130295699903
1 112691547349
1 115402081728
3 585620835620
1 35254466087
1 315018558267
1 335273636378
4 31317599029
3 326855808191
8 128461198821
1 108601475526
3 592905866269
3 594718676701
8 174872383555
1 335380607970
2 1043555367
3 573889894657
1 128419639880
1 418213804186
3 586724986435
1 294959263361
8 202565720279
1 178292293722
4 77269733833
4 105523623345
3 312605185526
3 449212546691
3 533344004491
8 14053736727
1 402600367700
1 388223254097
3 323740447310
3 607093732201
1 122852011843
1 104810574769
4 5215080723
3 518052375013
1 87585547848
1 186106808239
1 211774705444
1 364153242849
3 642123194714
3 448679939867
4 84362274567
4 102371861833
8 183971899533
3 252100686149
4 31748114841
3 613294769131
1 392471500523
3 427570686418
8 37279265721
8 177536742959
1 388146095612
1 213323059574
3 493449445528
8 174154824883
1 133234690044
1 211289847398
3 156368788442
1 191085315663
1 402418487818
8 8282155959
1 198222233469
1 95089804069
1 251487457771
1 417340168869
3 484957990931
8 36382725779
1 117392998639
3 252511405537
3 541974311846
3 268733819105
1 192391311526
3 560525133083
1 291508227989
1 174975884554
3 352618413157
8 90355673139
1 168647932805
1 221888041116
1 177601230113
3 133590199931
4 48193653961
3 146211040417
1 164433568521
1 214310456257
3 404351592254
3 440312169370
3 507293926367
3 510159244466
8 132635177983
3 106302532814
4 103287809085
3 498242144864
3 376252724758
3 169525190615
8 26886078485
1 208398098398
8 125797505765
8 98972041915
3 570876829588
1 45303868224
1 254803902726
8 174731213227
3 521879706050
3 125661426058
8 85499070071
1 208246559348
3 597973817098
3 233642703596
1 308300326716
3 477860594804
3 537536140300
1 299557963226
1 392955155113
8 136589949693
8 199881887009
8 146940649849
1 283073270438
3 240509737342
3 328673593765
1 344359203566
3 448158468100
3 97811487640
1 27022651883
3 545627828372
3 217033752355
8 206694881795
1 99028732787
3 443728179173
3 570044655860
8 55303489013
3 585230432050
3 90529814936
1 223767485954
8 102637103953
3 497322678916
1 313847507172
3 580125455818
1 422440243024
3 605081139029
1 203179111727
3 485917768373
8 1840228891
3 362896101035
2 13976629701
3 412160239007
1 134132023127
1 289502666411
1 136612925811
8 143357123001
1 375215622539
3 335020330943
8 157605930229
1 15704047032
4 16061173833
1 181936282344
8 15132896203
1 6627267280
1 239752939273
3 513350903713
3 600559001311
1 88815481461
3 283669181813
4 59706896285
3 90612366943
3 242243971439
1 59886687166
1 271676453678
1 321219961243
1 201748943329
3 529115389690
1 379022381701
3 107261258987
3 513732119545
3 619350830441
1 33362204824
8 55250011589
1 393303775955
1 81816165943
1 56104790191
1 141025226107
1 326115926415
1 182375765840
3 142747376549
3 614998333477
8 139294549821
3 592286944121
1 306228505985
1 296321609339
1 231580866692
1 75063331512
3 213928143170
1 50908921728
1 63052993645
1 334153742512
1 20388890947
2 12553224709
1 400436767326
3 234820528199
3 112315886381
1 276995194285
1 137083506795
8 209910065167
1 52936160878
8 119180004019
3 480491730493
3 226893558143
2 34311006039
1 232830157639
3 310821171944
8 161493285911
1 44491187052
3 319124019569
3 320722656686
3 287177254661
1 350408572422
1 298639416959
1 380749066742
3 235618140667
3 322556669495
3 351836447414
1 79716967776
3 509387307152
1 324008455325
8 50857059687
3 262827659849
3 172881582680
1 277968710661
8 43112079723
3 550938133396
3 247934201605
1 100527289399
3 260136768553
1 390934641229
2 17008345579
4 70806751643
1 83912839718
3 234014012690
8 27227009305
3 524818214227
1 39528212397
8 18079505815
3 639090351742
1 327308516415
3 452371491568
3 323629691111
3 108266839705
1 174922030790
3 300707920976
1 170056521291
1 304202117687
4 66143155835
1 334354041997
3 395697368245
