2 129798118995
1 420133180099
2 24761580853
1 738500821079
1 454043905681
1 182098751173
1 37030179453
44 22026031483
44 24864698427
1 693330874262
1 373202210857
1 660968771881
1 423494038082
3 6565908863
1 47116930116
1 19136015064
1 808073956596
1 739347566627
1 555999698743
1 256212734113
1 471756287834
33 68199866360
1 611196499364
1 615948703866
1 586527072787
1 485102957634
1 152850880407
1 199537241934
1 244871198292
2 96140885827
1 154686008209
1 739866752143
1 527182966013
2 39805755329
1 526097995995
1 418821789677
1 121444281468
1 425748100212
1 239725318243
1 299260698586
1 810972450784
1 635401133148
1 775802466744
1 485304965687
1 171951816263
1 47379646538
1 449001064359
33 32364815687
1 574517292298
1 425896295592
2 58207364393
1 534092472035
1 259641532519
1 487688768232
2 82179592585
1 744860912471
1 737184299179
1 86336982444
1 758646801168
1 510917621122
1 105510172255
1 183831725549
1 188344058375
1 208534908046
1 684807061819
33 76979137769
1 32686633160
1 589114971632
1 436115919300
1 305526580463
1 473251818082
1 174654547993
1 295413104954
1 65713506395
1 318070416157
1 459366002915
1 456789905054
1 557810751582
1 679372193241
1 264552519386
33 62058876296
1 84979881161
1 719885812416
1 138858720424
2 115337301763
2 18399612385
1 143911817326
1 804302019439
1 464589366601
1 461599370618
1 738218958345
1 105561129680
1 493469015992
1 739808439397
1 746465628551
33 25711813126
1 361602628999
1 347993043339
1 51921239679
1 576848210791
1 655415624123
1 382912574342
1 662382062033
1 749612330211
1 187060024811
1 738506394435
1 222817816540
1 558020872247
1 759871366219
2 148375791209
1 181375703777
1 361667493094
11 21232036960
2 92553134279
1 765781131948
1 773295706764
1 64859210126
1 65574881885
1 812160469899
11 27126873866
1 548655106930
1 208451440441
1 119318322202
1 217098279198
1 531178393758
1 417146258050
1 398221375895
1 704811924305
1 274328565648
2 14374952327
1 36127227799
1 240163409389
1 622400568355
1 197457752887
1 148520205209
1 57825205750
1 378062915199
1 381657970832
1 581895465040
1 699052623540
1 121278040239
1 299437078345
1 385465115124
1 560599132949
1 161432285339
1 341393788897
1 80919323876
33 81451946057
1 318454755041
44 22090816161
1 169730262546
1 283749359271
1 380905569606
1 20977474354
1 708258747993
1 263827387473
1 431866820000
1 607794499115
1 596169984204
22 9154685785
1 307067956352
1 498064619866
1 447023650015
1 351400054302
1 439722704443
1 351911368297
1 677763960410
1 551281430692
1 16987479159
1 579909709979
1 827245559721
11 8091463499
1 592033972500
1 417887090436
1 751932164530
1 197088886285
1 133614605192
1 599917474764
1 216097411369
1 753957324748
1 383667825179
2 7088521525
1 304160358004
2 104494589043
2 38570215075
33 57435154747
1 155919847337
1 283129093498
1 742250461398
1 472898944094
33 60926439812
1 616712139483
1 365216860107
1 52392678881
1 733834623831
1 261214351750
1 303448556351
2 87127891249
1 614534885781
1 233096850753
2 37393195853
1 222383749236
1 218691033532
1 458365506156
1 209540037836
2 523667359
1 755750215441
1 490621423116
1 194142901533
1 400712580477
1 800122294965
33 38449140701
2 120362207561
1 480115390867
1 716909319823
1 826571297860
1 690617190522
1 495822586268
1 810818283463
1 692918820159
2 26105694581
1 714823066404
1 816785978426
1 750525585483
1 95860513711
1 181611899873
1 224183312364
1 350795931084
11 5654971771
1 569600077886
1 787816829030
1 533715750198
2 127116182561
1 639178239953
1 576906609421
1 394228108625
1 672922069445
1 718791360138
1 96568097334
1 343797003928
1 812637590211
1 547783216729
1 633425712584
2 72523655951
1 659557583839
1 555648963953
1 188581729135
1 113470028620
1 602304576428
1 700977188776
1 74334903481
1 130164656226
1 1616607145
2 18294629379
1 681464016629
1 611019868311
1 520610149710
1 245257675556
1 564316297052
1 745073029940
1 583347170421
1 361714248822
1 799741571410
1 237927841137
1 652069472055
1 777842369686
1 621163059420
1 632205634290
1 15926827927
1 707279112578
1 335834423585
1 767468121581
1 61444611426
1 628021762414
1 336627571904
1 368134629472
1 328495388490
33 76552175533
1 812753266219
2 134152587695
1 39445000373
33 43522245859
1 208182021995
1 480982770231
2 101907626463
1 817749658814
1 128761988349
1 660865763927
3 5550292565
1 155032214603
1 307189660942
1 580087819469
1 449475913159
2 144266279989
1 238302244481
2 26509082441
1 384696753896
1 717679223889
33 75541098271
1 702785396378
1 46287260541
1 810907575305
1 79996092969
1 255804008085
1 719505409825
2 82750351221
1 217435330609
1 244467750750
11 13221898055
1 228939602248
33 33198026566
1 548664010211
1 472439704279
1 390791846583
1 657218770511
1 489406288434
33 70683003983
1 171916062930
1 304800821744
1 734673145457
1 645703754767
1 707272364854
1 548568092364
1 515404286283
1 460508571079
1 730585952380
1 527246816206
1 521967323681
1 334916568277
1 808546226093
1 576997925889
1 341636128550
1 261761568263
1 798674880309
1 683313571415
1 774706918724
1 705767914987
1 27959190948
1 697977413938
1 449532648787
1 697739292230
1 106265344765
1 497061655940
1 241239367236
1 15529313215
2 51412957537
1 143826250364
1 279121519527
1 813954818021
1 378022622760
1 293004126979
1 8120957354
1 801949611099
1 188122114394
1 199557076574
1 559610284128
1 197158342311
44 13440869821
2 46177169607
1 794007612278
1 343483101172
11 7784559553
1 715324954296
1 577573007244
1 253818822646
1 603766500042
1 802670761688
1 306372465710
1 300328743989
1 357366841691
1 468058301833
1 517147025190
1 170586110269
1 354353136748
1 673859498501
1 310838750789
1 7693268203
1 491790996540
1 557737900617
1 549648533255
1 34439744643
1 195335981247
1 304269446995
1 35995937641
1 537022808256
1 534027682570
1 267935867137
1 332302211654
1 193787303919
1 736678919643
1 331289460471
22 11503407107
2 65848576297
1 658893954150
1 609099116324
1 359832896009
1 506498718636
1 93722019588
1 209309630320
1 739559591738
1 397714725798
1 681333342219
1 134971706435
1 332318717170
1 91924956997
1 255826676861
1 16861085612
1 633689309397
1 129620750412
1 193326510489
1 135936517618
1 382869311511
1 763475943358
1 744592241247
1 591916616402
1 243953836804
11 9083750326
1 500725942018
1 500886991683
1 8509012949
1 400322320141
1 121787856010
1 690210605390
1 631706537181
1 790964279488
22 7909284061
44 24441653363
1 530108259180
44 29802577203
2 99519082207
1 207950942586
1 774776131931
1 498193384790
62 13745096235
1 162865793966
31 1681168585
1 320038620090
1 53548730826
1 536067312236
1 210552694597
1 437101613703
1 93965613096
1 202663505274
1 554407380850
1 626864691039
1 752316044220
44 25449161627
1 567816031323
1 445904408142
1 271013847302
1 111683338292
1 83080347908
1 341220969781
1 534215707092
1 645228680344
1 775271929765
1 68087506988
1 634162442519
1 536159298755
1 659781293903
1 536760712136
1 676480535413
11 18208791619
2 52892900789
1 438894128101
1 460757486573
1 778283931565
1 413866332902
1 604046760358
1 225432452116
1 267400425691
1 119608281176
1 638023502995
1 534206543698
1 124450861115
1 448570357642
1 695176053211
1 11833317072
1 812616527178
1 333844822623
1 17268227118
1 509649564185
1 684969566385
1 273535300875
1 710848120198
1 385351795911
1 130968497904
1 472267754781
1 744028352916
1 730792332816
1 266881560100
1 590128031334
11 4910670515
1 797594601252
1 544680027734
1 28632683596
1 106243364805
1 406422398696
1 126826068570
44 30513071531
1 432735885101
11 14764499696
31 8269473282
1 571318240741
1 710317062642
1 660341517867
2 8319304137
1 418088786048
1 226763596165
31 6838090481
1 660107787501
1 306721698608
1 687439497225
1 653432219480
1 18766962133
31 1475075192
1 569101544059
1 410213084570
1 651549511623
1 216663178202
2 52322361587
1 338118206016
1 271816922800
1 696424393406
1 448296310871
1 455929022299
62 12055725373
1 278067992585
1 468769609474
2 49151396605
1 518979472411
1 660539301750
1 72605804223
1 780019628739
1 120687828817
1 689953066161
1 651837068670
1 138214502546
1 466851982196
1 360654764830
2 125379678997
1 816365663792
44 15963460369
1 810220487153
1 261951068161
1 29408934093
2 142976122191
62 6817796025
1 234100635628
1 119828005011
1 118723029285
1 635035233076
1 777144659022
1 374799494785
1 134601495979
1 762302427148
1 352639997540
1 760966472257
1 218148819956
1 490867877425
1 503378666016
1 163875088044
1 566342463045
1 92913342036
1 799069650269
1 66649495562
1 529648788608
2 153646219383
1 795908475384
1 143288282453
1 474775631634
1 113608124216
2 8748104733
1 697781455269
1 710087366787
1 23451460220
1 800246018284
1 226532981305
1 742100413579
1 387568169422
1 195125927616
1 788150670149
1 75933814073
1 245733456813
2 67498541823
1 79845417679
1 734184493564
1 109015233857
1 793979155461
1 714952330902
1 360763899248
1 228784879914
1 782732626561
1 532033374466
1 428239067216
1 187342363932
2 10590997657
1 134245532669
1 326269397985
1 548423723924
1 242742032487
1 441655212811
1 561228138033
1 457211533541
1 571933203353
62 16697267789
1 276102112715
1 189114018831
1 441708760883
22 8211347547
1 6599390727
1 81354228644
1 87750411738
2 107283117627
2 43489951315
1 714148435128
1 104976841556
1 158551460318
1 306814478742
1 752217391266
1 432755233651
1 204695492654
1 178858064995
1 674672337930
1 741808690790
1 314951234351
33 31993749427
1 628394834662
1 823302609567
1 54409266148
1 731951033221
11 15631108253
1 152875847131
1 690638007759
62 506574651
1 656869971004
2 72791967385
1 755769899902
1 28566965095
1 298558849255
2 16427164745
1 382536519525
1 71159981220
1 2679675965
2 145553220295
11 22823039981
2 22312898699
33 63418305046
1 13490538383
1 706155781365
1 706979558958
1 19365396490
62 6001980351
2 51500833405
1 398279011270
1 154610092048
1 627527494313
1 48478771351
33 70095738164
1 539150424361
1 223241093143
1 32857566414
1 661453372174
1 809162544517
1 347463015822
1 19241340968
33 27912643658
1 580745965058
2 91081219703
11 15692547237
1 709914656947
1 653677225873
1 672077880335
1 215815834885
1 457590439437
1 371873757801
1 435471476063
1 93726169781
1 385708364779
1 375454631918
1 437338346675
1 297673113209
1 72330732336
1 87227010724
1 151515679424
1 119927116218
1 713567832010
1 549780750939
1 787664974513
1 757168542645
1 606276627433
1 288830613627
1 328752335301
1 765668468816
1 42500501594
1 772383889261
1 105250110044
1 671837224619
1 404494195790
1 677844422246
1 21375107664
1 509910274493
1 330128014922
1 489435149791
1 136701574928
2 73881903269
1 428928813910
1 225823943550
1 325659164003
1 760441009140
1 334048220017
1 556390456482
1 221866800871
1 405759637056
2 154091721207
11 15087364690
1 411358410071
1 90285346939
1 477163564654
1 42501426359
11 6015904393
2 126288593013
1 60787821809
11 4047122632
1 164070010298
1 802874375166
1 580138806610
1 350100607258
1 103443288838
1 728590804765
1 738782216341
1 59762816872
1 216492215467
1 93374891119
1 809170785098
44 14827041105
1 661494673524
1 219508580923
1 146418855004
1 10613961001
1 541975283421
1 535025727929
2 36507249767
1 106208590686
1 154617695660
1 808376021225
1 325875852682
1 229047275093
1 121115098800
1 343499581933
2 67652663735
1 157779813297
1 376848308784
1 177324876837
1 808774029036
1 430911429110
1 526131378067
1 276842157445
1 115589365065
1 90796888371
1 432046859766
1 266586570772
33 57027711106
1 145329313310
33 69292564900
1 196323476494
1 185056892415
1 502806779310
1 560171957079
1 472273191778
1 523384265867
44 14720353179
1 32136572052
1 669011469847
1 333684879520
1 36230606031
1 538699811247
1 517973393389
1 171352339695
2 133342708413
1 346492754640
1 584224968484
1 401569970999
1 632442113168
1 165439009582
1 205385674025
31 860904282
1 188345471638
1 827481078168
1 711519498918
1 664340135225
1 530126750180
1 245290306818
1 537922940520
1 338809584965
1 146442469080
1 54985948026
1 207949764254
1 514230525213
1 147692558276
1 388980346977
1 507310539567
