1 591207572916
1 651560466542
1 731243786921
1 420550709598
1 297957781872
1 793767792484
1 408959930168
1 731732348249
1 456422468232
1 775686625058
1 640186652235
1 599471948126
1 528599855802
1 399749770847
1 188892933564
1 640136467423
1 712004032114
1 509102906983
1 268092594038
1 139629594478
1 544337178853
7 172785526295
1 631487945977
1 440705246660
7 78212576027
1 112783375688
1 815805099739
1 480133092575
1 249104290649
7 143219851851
1 280457475460
1 103397479458
7 15159935073
1 41975145345
1 766719432400
1 144809633277
1 112429312686
7 36568593258
1 175551950868
7 74594764019
1 749283111496
1 619516060951
1 299605841991
1 192794234422
1 13119080722
1 249680782660
1 74290230830
1 731323819929
1 373345172821
1 803336830976
1 709591097022
1 55808058770
1 485352960437
1 709062821359
1 805771223463
1 756860491796
1 511249417167
1 498979226435
1 352676320640
1 519057542558
1 232956126772
1 700097233375
1 755323046079
1 278283535953
1 376562374337
1 157687575522
7 187678626880
1 778955630510
1 311334380429
1 792845929316
1 69583145696
7 28528372100
1 318637033617
1 216367171868
1 730846586128
7 164975221185
1 96738835949
1 539848110945
1 72864031529
1 638501083733
1 519315090278
1 5429165942
7 79152984905
1 32860342640
7 6912893261
1 615043923407
1 165557069572
1 499397075802
1 804944069075
1 330705276843
1 12219845719
1 698873686857
1 412860246886
1 537177682688
7 38392277425
1 385077945387
7 36695003610
7 34107606670
1 419442096430
1 4373264073
1 217199519477
1 392387833164
1 176101027351
1 37755031757
1 697639385256
1 351071291485
1 765200843302
1 775645923383
1 479626002956
1 133344502264
1 488051563159
1 254029403362
1 304572571720
7 50500006419
1 337342577232
1 181463038080
7 155508113756
1 216130536532
7 187683559219
1 148275390887
1 215053406812
7 142516133443
1 182852665609
1 332378077851
1 102136978119
1 347738693521
1 804729482325
1 461479120431
1 805688601904
7 116936253358
1 560248458414
1 766692715349
1 628924571805
1 29362044073
1 106016806884
1 230293993714
1 733324148613
7 64812582712
1 561651495877
1 14723411669
7 97343843858
1 3936228639
1 255684847167
7 191231426574
1 18171470953
1 292955568679
1 56223723015
1 390143204759
1 753015225918
1 685069446433
1 751926720041
1 695873484744
1 708049413460
1 440835028779
1 690149525040
1 654969096162
1 797294359530
1 302979654821
1 146146554305
1 19353639449
1 612603823724
1 675305442461
1 501806885343
1 676092282436
7 92574691952
1 374535261964
1 260820528767
1 629769231174
1 81088186619
1 532475970889
1 652914322735
1 631622978752
7 53243932848
1 811897870524
1 550492474916
1 77100963356
1 626252112130
1 355825217165
1 16370789764
1 694046496990
1 491219168301
1 659339913064
1 695366410116
7 7510796494
1 401198232143
1 194697176178
1 571218890279
7 64742380042
7 110078326163
1 500433743619
1 341417143469
1 811126969500
1 739522181441
1 404939756404
1 241922503623
1 681581901581
1 480459283316
7 82037251729
1 220274285034
1 416343024608
1 370343948760
1 61424554420
1 391606586977
1 729123147194
7 49155502485
1 635320630810
1 506395933776
1 416239076415
7 141185347197
1 528833025385
1 710983100045
7 65949891472
1 748640663348
1 467387741511
1 757073590548
1 311610900615
1 523666557894
1 37099738289
1 516604628886
1 749482152934
1 53582031354
1 520831800761
1 714827836430
1 56039296649
1 555688607028
1 101879702716
1 793717711240
1 94740745549
1 151759202097
1 89237828612
1 416419462066
1 148816313713
1 282626071566
1 620924072164
1 492856431908
7 75463741361
1 666291125679
7 175200331077
1 501871030949
1 596489725833
1 568519658463
1 221770919420
1 763014038937
1 607286298694
1 801086746867
7 116244756570
1 214248873185
7 127046118035
1 621731957174
1 172194157774
7 158103259712
1 367818295130
1 22499998116
1 328283541372
1 677576885423
7 191989970542
1 196190870779
1 369123438582
1 222545300388
1 645303646878
1 534756086422
7 164479875093
1 376305596941
1 129776801120
1 325002965886
1 29817683676
1 143991470888
1 556742635695
1 43987203546
1 512613310321
1 71566945870
1 305170949875
7 70865305689
1 722123430862
1 754806562293
1 106291529048
1 274521185940
1 667951033503
1 141600104486
7 180279937121
1 486147148977
7 68588957383
1 734800629034
1 611589101907
1 226091296147
1 87558094950
1 144067209996
7 180375177240
7 180186527592
1 130586693636
1 689371339416
1 461247127903
1 284148751194
1 314461039348
1 236244175440
1 14059158964
1 211829135791
1 280036520537
1 705139871877
1 420145707612
7 60662579342
1 722893952508
1 798604412020
1 677317690462
1 99975047225
1 300006877057
1 284141933829
1 264388838339
1 255171698552
1 31523753303
7 102807368347
1 98895676896
7 180684435272
1 513679530724
1 249979910688
1 706532915652
1 380667117641
7 43209744110
1 292008064560
1 611147547103
1 272468523092
1 170654255031
1 516273727151
1 19699911164
7 127522584901
7 185307434744
1 702302389900
1 397257781429
1 752225172969
1 365115217050
1 492694084326
1 431183526397
1 662967722014
1 538253987632
1 378402289506
1 796976332566
1 33739055139
7 41582284029
1 750923229110
1 379591522745
7 27685180779
1 501076816426
7 111646984920
1 102471457233
1 110911330501
1 589158258163
1 18210744019
1 243373650698
1 445637034957
1 95162298204
1 195964083541
1 239872116699
1 88318982056
1 231584858307
1 149753194222
7 150050437996
1 431653703961
1 523483735798
1 694871949867
7 181462500985
1 270820860197
1 555368398750
1 693869897979
1 521287801697
1 568826933385
1 421702029955
1 758239932063
1 151544868499
7 189417815249
1 692112064895
1 191576694955
1 396266501864
7 145640388689
1 503410917109
1 28285212378
1 661997416483
1 6988943930
1 151869016771
1 757981799522
7 2768744708
1 375042282323
1 367057781335
7 50960382667
1 328589854503
7 107295649455
1 689636768013
7 185639743084
1 74801664247
1 414011956189
1 75495611748
1 410951193946
1 222767574373
1 254830950320
1 675447146465
1 806008511013
1 477895229641
1 214574076182
1 358532527235
7 154824723037
1 271516601636
1 639396334066
1 422917006498
1 145695045431
1 698492140794
1 14321808716
1 201942387835
1 263042931477
7 2582184564
1 364957179691
1 190056442539
1 347911326198
1 118187636410
1 799494095359
1 243001565487
1 448177584655
1 806918028525
1 760981027308
1 26609190086
7 86380010105
1 209111134539
1 296152711873
1 124519063290
1 764378302794
1 726615461565
1 168818844398
1 141718194897
1 696459260229
1 707924479618
7 110800365083
1 263436237505
7 55460840640
1 465128014161
1 164939968184
1 290022136955
1 470946010262
1 155207006812
1 476250924165
1 12471529168
1 358437209188
1 335482853468
1 131662420227
1 261277954395
7 193485869695
1 620873872917
1 435408643725
7 184641811584
1 276076472697
1 627157253629
1 548326098821
7 114403670300
7 62916084153
7 86789772082
1 810480838742
1 766220447895
1 804785194862
1 486897565477
1 207224078272
1 201666800541
1 418543381221
1 427327748329
1 626582180117
1 616506498287
7 79670173501
1 701485519552
1 342103882445
1 412516348719
1 708060547426
1 361441651551
1 430026741258
1 752379743903
1 173258023924
1 616633619604
1 216524444388
1 399064919217
7 10194050808
1 454935161570
1 549093887238
7 88274919571
1 465362792058
1 796954489945
7 6189591292
7 41223503553
7 146084764914
7 144429850483
1 205037019302
1 69710025567
1 770970310648
1 601513535614
1 85119120105
7 94662765168
7 139854690491
1 302130147618
1 524308032179
1 406709015684
7 137316468928
7 167651429051
1 450619387685
1 685326833707
1 538978912636
1 640272755205
1 538834059772
1 53918177164
1 280928460341
1 505596693926
1 539595697240
1 163584867755
1 613017450390
1 378414992333
1 531735001018
7 20500258997
1 288696733368
1 179838812280
1 572103441220
1 471252122814
1 147457992321
1 295260864336
1 207710837164
1 124084770809
7 144045609930
7 123845033789
1 220763752775
1 252433441896
1 747614590727
7 154142149676
1 178511716091
7 40277972326
1 209268547240
7 47264430202
1 109090120011
1 338701940052
1 563029450801
1 352952345212
7 108079210706
1 244877925524
7 104026816232
1 274458187176
1 802609822393
7 636876592
1 123454942674
7 125408883869
1 436939753390
7 59947062354
1 562555997574
1 169122762419
1 92057167941
1 270221129259
1 357400636439
1 209733891636
1 357314491966
1 151580967930
1 54989301359
1 1808990197
1 359581820406
7 25442706805
1 242371557003
1 571337443198
1 710758040341
7 24988050134
1 121883566776
7 192969254026
1 308355925584
1 491322549478
1 346896954808
1 188404976514
1 706979673673
1 5395618169
1 539068038913
7 175752262248
1 270862833113
7 118736509832
7 192793314598
1 5535038092
1 686607149574
1 1635896008
1 19959630411
1 624966692522
1 102540060352
1 486094095129
1 299922515109
1 198813822976
1 791060030807
1 223697847957
1 606933405819
1 467642582194
1 567049734892
1 253114360654
1 629670618929
1 287616478394
1 684399018297
1 256319064167
1 176094363038
1 35881468987
1 115082715066
1 762395321315
1 539867894111
1 305053914867
7 176089771385
1 239445839337
7 133128955445
7 57323204728
1 343103431337
7 11649022730
1 677559192853
1 680604927237
1 170385770069
1 8292202498
1 313933478044
1 250513783347
1 227348303228
7 26899002080
1 579657734710
7 56868978181
7 183581654590
1 86862266490
1 11836680590
1 775579095777
1 175333997174
1 715029483402
1 770695388776
7 185773928106
1 540795306289
1 332102297519
7 194180244675
1 324385695059
1 468737737100
1 85981818121
1 703134896800
1 698200079133
1 559830618484
1 137570422927
1 604232743425
1 381319006317
7 187807384761
1 704884735063
1 142677030998
1 324844172548
7 139632664148
1 346849363203
1 607905428970
1 13270709041
7 145955055346
7 30507644862
1 465732328704
1 564964772544
1 695431517421
7 86180875314
7 58808991791
1 401151552401
7 18880947500
7 98085695027
1 164435994180
1 436203391411
1 678771838565
1 123995736803
1 111043308890
7 124957087302
1 535789518113
7 122981161451
1 177546610748
7 182561139434
1 554834272668
1 688745470753
1 537895129189
1 355118789257
1 410805244396
1 588419683788
1 286643868785
1 695609234723
7 102598804671
1 761473266253
1 63762065111
1 205009624002
7 103165112592
1 786444992347
1 267290153678
1 168624104938
1 348924656952
1 366311158732
1 212584287232
1 726177066352
1 256044174370
7 148579126765
1 590937737119
1 507644149266
1 121178278631
1 689954624314
1 108110831684
1 403351742845
1 195052561542
1 696432946354
1 151814690769
1 778599322739
1 632169044983
1 50880515971
1 522982689711
7 153941930470
7 111210874391
7 44521941336
1 549484360903
1 104417046674
1 256225435173
1 430106101206
1 224899897607
1 438653019957
7 193063837644
1 6055636697
1 598478785309
1 232762523147
7 105884849989
1 216228443075
1 497530261775
1 248102401856
1 432273645596
1 801592167804
1 492960943923
1 620379584017
1 478248024871
1 383366653621
7 177302024203
1 274366848745
1 533204781827
1 414410905581
1 131042386254
1 7279662717
1 448772513105
1 575881299317
1 216801555089
1 449404125537
1 368675770582
7 194789913184
7 80081715057
7 28591493344
7 138860885185
1 73383897326
1 558040681996
1 567064459077
7 13700921844
7 149030650639
1 245637642388
7 6913612800
1 302473754894
1 517443830865
1 814574691665
1 767354893357
1 688449399557
1 642330233878
1 107485018227
7 172525830910
1 169290366916
7 191119514826
1 240421588784
1 535049171988
1 806288387758
1 111306239495
1 163028845819
1 468228721121
7 9478170923
7 150500799168
1 748294475508
1 801878743124
7 2403641343
1 693831325630
1 488727970804
7 91119414749
1 76691083190
1 571034350567
1 770442662402
1 486120236168
1 749701315276
1 175084220559
1 634976127741
7 136975965465
1 378215318373
1 187555079991
1 659151922626
1 516079517604
1 197854073711
1 546052110904
1 760396711539
1 276474900934
1 627244437257
1 568471994593
1 285567378511
1 447264431756
1 665712652238
1 530814732214
1 591573291350
7 23982563233
1 207156362692
1 652292989172
1 494752145573
1 358060275017
1 352036259434
1 69293360168
1 413464600839
1 498160576343
7 161810088189
1 149973892600
1 197890659766
7 71589544538
1 611132260810
1 766920307455
1 101586237559
1 383359313086
7 142077466745
1 805811816645
1 238345884000
7 146786175028
1 353855306373
1 515524194680
1 2189609621
1 439931402675
1 264560267250
1 481042608764
1 313844278621
1 746962756019
7 41564106845
1 713333744375
1 475244925198
1 154869487826
1 529746169610
1 358829791021
1 430791980011
7 169391037293
7 140799431350
1 716672240805
1 185076813909
1 225745434370
1 39721445654
1 609883732391
1 406980733415
1 676294006696
1 4917653482
1 546315742804
1 108408596345
1 476777060244
1 204743355146
7 50327849094
1 591803448878
1 555789846236
1 148307951585
1 93916480476
1 373359848402
1 528423851685
1 276809313452
1 175341575377
1 216171254519
1 759167063965
1 254045871691
1 725295980646
1 102328021854
1 710044493898
7 140055675334
1 423422322135
1 716956241354
1 595721566285
1 65580582002
1 494455596881
1 694040946807
1 153865339860
1 396311663502
1 357841704897
1 530863187479
1 240573150010
1 774514550260
1 784401628534
1 145087315500
1 443782661800
1 619860736082
1 594699730373
1 276979398474
1 276622400919
1 747395479445
1 588105449761
1 30784892532
1 124645340171
1 25562594671
7 84918972916
7 120012009247
1 178954013793
1 642341847187
1 145810245502
1 188975010487
7 99602727267
7 59220972285
1 748513818627
1 106822430022
1 506435767684
1 163405740570
1 788399979315
1 640356654115
1 779148717839
7 14342220965
1 19095748451
1 784772482486
1 279182361770
1 163672427343
1 38575282150
7 63296946280
1 597481907682
1 496261443439
1 215668943506
1 274330267080
1 497820515748
1 488581957077
1 317829792489
7 140864334797
1 353030096741
1 363540334770
1 330240226188
1 76486835909
7 175560230394
1 275699794392
1 603364768392
1 730733273460
7 105549929990
1 484407702388
1 765270433432
1 69616215581
1 598691643056
1 718358684529
1 304875095947
7 29627359612
1 528256894350
1 175646228987
1 715001719581
1 167351424740
1 772381202481
1 695248084824
7 129295950316
1 714049124456
1 156669375220
7 77693683491
7 42922066304
1 431907810214
1 61004409174
1 796898592951
1 499045087508
1 281664612049
7 94499145854
7 65376807530
1 295545071732
1 551120737080
1 435305354725
1 469890293542
7 181833845275
1 730906821432
1 588964828167
1 489695000711
7 97585694648
1 763156421870
7 182988538022
7 12349419351
1 807941290858
7 44100162784
1 740185861000
1 368702412440
1 8488464347
1 639255695315
1 508404294702
1 255016957682
1 2331597802
1 164200281670
7 110098907854
7 133227176171
1 739631784856
1 26822766285
7 99627809420
1 165494455241
1 280408832451
1 169929110680
1 704318311160
1 412411756684
1 381397989087
1 336784269210
1 76507442407
1 39767448604
1 584990871539
1 726312696775
1 773227235563
1 276836516233
1 510610564942
1 589850359623
1 24442233203
1 583738248187
1 730180513790
7 161694598245
1 112933703727
1 421434768594
1 18089672654
1 429542142372
1 274644136378
1 528846178202
1 101164325663
7 4629035639
1 525764310931
1 56857752781
1 78176768410
7 101125074178
