80000
35
9
123456277
9
4725
123301269
30
15
123456726
35280
0
7840
0
45
10
123456691
9
28
6
123387669
0
123456725
123436053
24
123456537
40
4
123447829
60
123456749
123456597
216
4
48
123446709
8
7
123456757
1000
123456747
0
1152
54
9
9
21000
7200
27
4
432
4
0
123334317
123102495
5
8064
123456771
123456469
6125
5
1620
9072
3
441
43200
432
160
40
0
4
72
123425037
3024
840
3072
384
3360
280
135000
280
560
123420501
35
0
120
123362709
225
3
8064
6
336
336
56
240
0
64
0
700
4
559872
63
15
144
4320
123315669
122756949
1152
72
315
0
123456749
224
225
3
42
0
21168
4
1680
2
3556224
0
3
6912
3920
960
8
63504
9
0
123456621
26880
84
10080
1960
729
0
40
72
123454899
144
15552
123456777
123456782
7
4
294
18816
1185408
123454584
36
3
120
56
125440
9
8
24
15
4
123456033
16128
8
123456787
16
97200
123456474
1764
0
441
123451029
648
504
9
1
0
123456768
216
504
0
140
576
2160
123456159
1
123456744
9
48
123456103
123429909
0
123454773
8
3456
360
9
1800
17280
567
5
54
0
600
1280
81
1134
1088640
123456779
1
192
109760
5760
49
3780
3
123456747
512
2
27
8
36
360
17640
5
96
20412
4
72
5488
8
408240
4536
48
63
72
123456519
4000
123456069
486
37800
43008
100
1778112
123456765
8748
5184
123456762
9
3136
36
56
4200
4
256
135
16
160
30618
9
79380
123456735
123435189
63
72
12
32
216
6
378
123311637
7
5760
1890
0
576
1890
123456782
270
4032
123449109
54
54
120
7560
270
5040
160
2160
48
504
16
0
3
123454899
14
18
288
123456788
1152
123456537
123406389
200
448
432
121823829
0
32
0
10
9
48
9
168
128
63
972
63
0
8
576
3528
54
64
48
1344
4
30
900
2304
7
15120
72
7
144
123230997
123456733
42
1120
84
9
126
9
0
123456787
123456788
0
0
3240
123456069
4
0
6
18
1890
19440
360
0
60
122398389
9
8
42
0
123456645
8
42336
4
486
0
0
6
12
136080
60
120789621
9
9
45
0
288
100
123456699
60480
135
123456759
384
123456781
21
972
18144
0
18
54
123456788
648
243
210
756
672
28224
84
1280
15750
504
9
63
123456753
960
5760
0
123452589
256
48
6
1620
1
123456744
21870
42
27
8064
123456537
123455637
8
0
8
72
47628
3
0
189
24
225
0
1935360
54
567
14580
30
45
122313717
648
123438645
6
0
384
9
168
1080
64
168
8
120507669
81
36
135
54
320
324
12
105840
1
4
256
123456753
24
123456597
4
210
1344
0
8
5760
20
1
720
7776
123456747
135
9
123161877
448
123456779
123455613
1215
63
30
72
24
8
123454845
450
7
123456782
0
7
4536
72
30
123456786
27216
24
336
324
252
84
7560
1568
35
6
345600
123449013
54
120
72
5103
20
72
18
1792
324
504
8
6
9
8064
42
4
24
138240
16
280
123449877
7
123456782
81
2592
1944
6480
49
1536
315
648
123456781
9
1680
9
123451119
1008
123456609
81
123453765
653184
9450
42336
50400
123311637
9
504
7
123456786
486
168
0
21
7056
96
36
1680
123456753
336
7
0
160
9
15
4536
6048
5
123456761
324
6
6
5
28
118848789
384
8
3528
0
13230
36
54432
42
123443349
28
1020600
123456785
504
6
163296
0
42
448
5
262440
123456249
864
12
36288
1890
13500
0
28
6
1512
63
3024
123456788
1008
7
9
180
336
7
13608
15120
12
1
6
17010
6
0
240
86016
51030
4536
0
2940
1
75
1512
123456788
10584
490
450
2160
0
30
3
7
180
252
7
27
123442614
6
100800
50400
24
648
217728
48
2160
123455349
1080
144
1000
9
81
123456717
123316821
36
2
81
2646
1620
0
150
123454731
7
123456757
2160
7
48384
280
4
288
2835
0
720
49
123456765
9
512
5
2520
1350
96
4480
8
9
0
0
6
72
127008
9
123456786
43008
672
4860
7
29400
7
7
9
7938
56
8505
175
123456765
36
90
32
17640
12960
1260
1260
0
180
0
168
63
217728
0
5
45
2700
123455817
40
400
504
123456749
123455914
36
123456539
123396309
1176
24
576
123456786
3072
18144
6
288
24
326592
123456788
8
56
123456785
2268
9
123456787
162
2016
9
280
9
13824
64
672
30
4480
8192
81
123456735
123456465
32
0
0
0
405
2205
123439509
7
12348
9
16
11025
123456733
8
2520
6
0
576
5832
0
174960
240
6
108
81
512
6
3
4
0
0
210
300
123455349
0
40
31104
123454485
147
8
0
105
60480
108864
0
38880
9
35
123456768
8
15360
45
30
2
123456691
8
123456749
16
108
3
123456754
7
1440
8
13230
48384
336
16
490
24
38400
0
8
32
1176
54
8
9
4320
3072
432
72
17280
55125
35
27
24
24
1008
123456740
0
21600
6
0
8
8
48
60480
7
123404949
123447069
64
144
8
4
42
9
48
8
784
112
5
15750
9
54
9
123456786
9
0
192
63
105
1
18
56
392
25
16464
972
8
0
1008
216
6804
123456757
64
6
3528
123456768
10752
648
72
0
8
72
2880
0
15
2688
120968469
30
244944
6
9
0
0
8
35
8
36
0
216
4032
123456788
52920
1960
900
36
6
5760
123453589
123456357
123445125
17280
3
123425685
9450
0
1260
46656
123370389
576
123456537
4704
245
4032
8
12600
123455349
2835
40
6
5040
6
24
56
9
2
5040
40
103680
120936789
7776
123456733
48
168
0
9
72
7
0
56
81
0
4536
2880
252
15876
189
123456684
123453549
28
10
0
56
123456759
7
2688
48
17280
48
123227413
864
189
123456747
126
123456740
45
9
144
1134
393216
36
360
3240
16200
12600
112
392
20
0
9
4
84
56
288
8960
48
1800
72
123456649
123456726
45
48
45
16
5184
6
0
1244160
4
123456741
270
8
252
5488
1296
9
49
40
72
58320
5
56
6
2268
108
20580
8
15
48
9
123450645
20
9
1080
45
560
123456769
144
54
123454485
123363477
48
11340
2401
1260
635040
123438645
8
144
15552
2240
4
7
123456021
123456785
9
1715
720
35
8
123452469
20
8
6
64
6
9
128
0
123456787
42
1134
70
8
123456784
7
9
2916
9
0
48
24
123456213
4
0
4
123453653
6144
13824
63
7
729
140
7
12
123376149
123437973
123456735
3
5103
18
3
10800
32
6912
123456768
123456771
27
0
32
9
675
5832
4032
123456784
123366069
648
252
408240
126
81
360
18900
280
4
40
81
441
1
3
622080
123456549
163296
378
35
2
9
0
8
81
123455061
600
282240
384
648
135
1360800
840
233280
84
5184
64
486
168
5
6480
21
1
9720
48
3600
189
123456117
25
123456663
0
864
123456787
0
112
324
209952
36
35
175
72
48
1008
0
432
123450309
105
64
0
72
123456669
7290
123455061
15680
2
1575
123456117
315
48
123456788
8
20
0
8
11520
1260
24
18
1350
123456749
8
105
123456788
40
9720
60480
0
768
8
5
3
0
240
123453387
60
123456733
12
240
123456699
10584
40
2
36
8
9
216
123317874
486
1890
40
56
336
25
6
123456709
56
11520
210
3
21
24
1008
56
5760
2520
784
6
0
6
1512
1134
384
10
8
20
49
10125
960
4536
123456773
2160
0
18000
7776
123456769
0
243
6048
315
123455319
8
81
14112
672
324
72
11520
54
36
1296
21
0
9
54
6
40320
6
4
49
25
123456788
9
21
12348
32
24
57624
28672
336
1200
5
81
122610069
0
8
2205
32
7350
840
123456771
30
320
5832
123456705
19440
123456229
18
8640
0
32
72
3528
3
315
135
9
123456669
9
5
15360
1176
240
0
123456589
22680
36
36
224
5
24
1600
30
8
123456597
405
18432
48
4
6
13608
8
63
35
72
123456784
9
36
5
1
123456341
45
56
0
1
121481109
8
122074389
10800
0
30
259200
360
0
6
123456786
105
72
7
72
72
111454533
508032
30
875
1920
180
123456788
2
144
45
122821749
23328
81
123262389
1120
123456495
126
72
241920
0
16
5184
3
16
9
288
7
123193365
104976
34992
0
648
0
18432
1440
9
7
10080
6
5
12
123456744
14112
1512
9
4
0
123456787
2160
5
123413589
0
0
27
0
123456786
90
270
81
72
9
9
280
200
600
8
311040
123456717
12096
123456285
2646
27
6144
0
3
2520
6
84
21
24
123439509
0
30
2940
1080
4
8
7
54
40320
123455925
2560
123341589
138240
54
123451605
6
108
0
0
40
324
8
123456777
123366069
123424533
144
9
40
7840
4
7
30
123456765
123456788
0
5
72
504
48
123456357
72
1764
9
54
1
32
123174549
123456645
7
20736
64
3
25200
123456781
13608
8
6
14
12
6
7680
288
123456773
24
4
2048
9
0
0
81
1323
4320
56
123456597
7
432
3645
3
123456765
32
0
8
7
504
5
1440
54
9
0
360
2
432
123456654
140
0
54
69120
0
0
8960
8
504
840
288
2592
9
72
9289728
324
72576
123456787
144
408240
336
360
10368
9
200
123400089
0
123456453
846720
1
2
123456677
224
54
48
81
30
45
0
123456645
18
14
1350
123456699
720
72
72
7
126
32
12
54
336
123456754
123456780
210
2
7560
11664
3072
10
45
78732
1764
30720
123456509
63000
1458
0
1890
56
720
0
9
48
48
123456777
311040
9
123456768
27
576
5
0
49
0
2
0
8
67200
405
17280
123456549
246960
583200
384
123438645
1
123456784
0
25
0
2
32
1225
16
729
6
8
123456765
42
107520
8
8
4860
7
12096
1764
2
123456781
20
1944
64
648
123452181
980
81
123443829
0
36
123456783
1296
100
123260181
96768
20160
21
1260
113400
123456725
8
0
54
432
56
2916
4
6
6
72
144
0
72
56
72
10800
5103
4704
0
0
2
7560
63
81
144
14515200
35
144
7
108
0
7
2
18
32
4
7
32
576
7
123456784
36
24
1890
6
6048
30
123456726
0
123456762
180
7
169344
123456771
15120
72
54
35
1260
5103
15
36
1600
294
24
0
2016
145152
9
123135300
4
45
18
48
18
72
216
122280789
20
123452469
1512
2520
768
200
9216
432
2
123455637
123456777
32
1512
96768
135
0
56
6
1
2205
24
315
64
49
123376149
9
47040
0
56
63
6
90
0
8
123456768
1080
123456621
294
1296
123445029
18
29160
0
432
21
0
139968
72
1020600
0
30240
3
6
6
870912
123456735
44800
8
0
9
500
10368
42
63
245
56
0
7
504
4
0
16
9450
24576
45
63
30
9450
123456645
123456782
123235605
1512
52488
56
20
1
123456784
192
5184
24
32
123445449
107520
8
9216
72
1152
13230
3024
882
24
123456782
1008
192
36288
32
384
7
160
432
123450309
72
128
3456
108
4
63
4725
123402357
648
123456787
12960
55296
8
6
9
3840
405
448
45
32
1944
2592
9
120
8
96768
12
63
225
4
3
123456783
1215
123456725
36
0
2520
210
16
123456787
19440
9
12288
15
72
7
0
1
81
3402
13230
192
0
24
3840
20
30
48
1290240
103680
28
448
123456741
27216
0
9
338688
5670
123456753
105840
504
81
525
35
270
113400
9
123456709
2
72
40
189
0
2880
28
8
6
5
540
123456782
14
9
8
2268
123455709
3528
1350
39200
80
320
5
0
320
8
6
0
0
45
56
9720
1512
1944
4
123456642
45
6
123456784
0
6
112
42
45927
10800
24192
126
1
4032
123449985
21
123456786
288
18
123410133
252
0
123456725
27
7
123444501
0
112
110592
8
168
18
756
1260
2592
4320
9
7938
0
1512
123454339
7
123456645
6480
0
90
5
2880
324
123275349
32
72
2419200
0
270
35
123456757
30
2551500
122280789
144
7
3
122212629
945
1920
81648
288
0
8
256
123455817
123456786
4
81
54
7
9
980
9
8
7
640
3780
2400
2205
0
36
0
42
24
123456429
72
480
6
123456033
15
120
486
306180
123456453
243
21
24696
648
180
60
7
123456785
25
5488
48
123432597
24
4
0
2646
18
4
10
72
1008
3
64
64
1008
123456733
3
5760
405
123455709
0
162
2
6
3
0
21504
576
123211029
2592
123456573
16
576
0
9
123207957
7
2016
123456788
123456735
884736
576
5292
0
4
54
123456627
0
72
15120
9
2520
270
0
9
5
123456779
432
8
6
123456726
90
5
640
774144
123455781
2592
490
6
6
81
9
1536
123456397
123456759
127008
6
4
0
9
123456753
3888
9
4
2520
123456489
8
123456762
48
6144
45360
1458
123053589
0
7
0
123343893
54
123456771
315
12
2016
2400
0
504
72
720
25200
8
49
9
10240
36
160
123384213
54
7200
5
0
360
9
1296
24
123447717
144
5
648
42
288
7
126
64
123456762
7
324000
144
1
9
123456771
161280
18
56
1536
4
3456
3
7
148176
2430
123456765
123456744
64
123318549
216
725760
49
360
123388189
17640
5
336
216
12
123456741
432
6144
123377409
123456787
7
6
432
546750
8
10080
123406389
6
123450909
15876
3
27
10976
128
9
5184
123454829
63
56
123456753
1
162
240
175
123456784
123420501
123332373
324
122419989
1890
6
8
24
123456768
123456784
7
123452949
3072
10368
126
35
123083541
490
3
4320
7
0
8
123456788
18
0
0
60480
9
123455025
3969
12
540
648
40
864
28000
7
8
64
7
1152
3024
200
123455061
18144
2268
7
27
6
42
6
123347925
56
6
175
9
64
6
123456769
6
123455925
224
36
28
81
40
123335829
3
28
31104
7
123456519
6
123434109
68040
9
315
48
13824
216
16464
123456784
882
3528
24
210
288
123456784
30
5
123439509
5184
123456600
0
123440661
24
42
21952
123452901
126
7
2025
54
7
12096
8
5250
72
35
72
3780
123245109
96
123456753
0
2
123456733
24
63
441
123456780
5184
15
42
3024
123354729
290304
49
36
142884
0
120
24
4725
0
1008
20
7
128
4
4
15680
123069717
5040
1176
18
123456788
80640
4
80
720
123456677
123455949
123456465
5
123456681
123456453
45
762048
32400
864
1944
81
0
35
1536
36
378
864
40
1920
123456788
504
123456784
123456783
648
8
13608
6
123456733
1512
448
123456600
4
123456465
48
9
42
336
42
576
123456780
123456744
7
75
80
6
336
0
123455829
123454989
1680
240
49
0
378
6
9216
123456717
1715
7680
17010
96
378
123455349
128
0
42
72
123456285
123456787
10800
1134
9
729
9
7
8
9
324
0
16
225
35280
18
36
75600
45000
19845
8
123456787
8
6
144
123021333
882
48
7
24
0
160
0
0
5
122710293
56
56
123456775
16
9
105
103680
123456782
126
84
123455709
2592
24
4
123408405
48
123456777
7
7
24
42
123456277
21
54
1
540
63504
63
9
8
5
24
0
15552
405
7
6
123456775
123194349
72
144
123456213
6912
0
9
18144
9
81
240
123456565
0
123456759
9
5600
72
4536
6
1890
123450909
9
123456717
25
12
72
123456033
0
36
360
10
13440
123454539
35
194400
972
648
123454101
2
22680
3456
4
8
0
448
8
5880
36
10368
30
123443829
3
252
6
729
123456693
0
240
123392277
105
1
60
128
27
0
40
29160
162
3
56
123456749
9
0
123456783
189
2592
8
40
3
504
0
6
123456761
9
378
0
0
123456384
16
123456785
63
115836309
25
5
123456749
7
200
7
648
0
6
16
225
7
54
123456411
16
10752
123456684
40
123456663
240
9
123456764
0
378
108
123456693
123456787
7
32
1944
2
6
0
63
1
280
123456597
972
5
123263253
7840
3024
1350
1080
123456785
0
48
148176
0
17640
82944
3240
6912
0
60
1400
378
7
315
123452901
18144
180
26460
80640
123456784
3528
0
14
0
2
123456519
7
6048
2
12960
576
123456787
648
8
123456775
123456725
16
72
8
6480
123456786
123455781
0
64
24
1134
24
11340
35
9
7
25
486
123456779
252
123456708
9
7560
240
324
126
6
1680
48
128
8
2
27
4500
0
42
72
72
1179648
123456787
2940
123456783
0
123431589
315
123116589
4536
648
8
8
392
123454197
14
49
63
4032
768
123456749
576
512
24
123456411
12
4
7560
123456780
6
123456141
9
432
15876
123455277
168
9
123387669
21
9
6
576
432
280
54
3
0
0
1344
42
518400
11664
4
432
252
81
0
4032
3
84
1575
16
123456699
123456788
123456729
64
63
11520
123456769
168
470400
123455277
21
441
8
3920
7
48
9072
8
27
8
123456787
123456753
3888
1120
1728
35
5
9
123456785
123456264
648
123456705
8
6
49
8
2880
21
5
81
123432597
21000
1728
0
5
120
324
0
294
8
123456788
6480
30
2
5
15
123456642
193536
4
320
3360
122585877
378
123455061
378
123331349
9
84
123456784
7
448
49
0
5
35
72
56
315
18
18
108
1620
168
995328
8064
9
7
123434109
8
12
30
21
240
9
9
123456761
270
9
0
107163
6
0
15120
14112
48
0
63
8
64
9
9
1400
720
1
30
15552
384
8
441
123454101
123456785
6
0
4032
123456357
870912
123456677
0
45
378
72
1792
0
324
42
8
123456768
16
27
123456759
123456735
25920
123454629
4
123456069
63
2016
1024
210
1296
9
123456717
123454197
6
5670
3
2
72
24
1680
56
4536
6
896
7
81
1
9
750
81
7
648
90
960
36864
9
123456786
5
52920
63
123456693
0
31104
336
1
10800
123456764
360
432
123456357
4900
210
8
72
123368589
432
42
81
34992
16
6
8
8960
126
24
1215
7938
43200
122304789
123456645
2304
0
243
2880
54
8
123456699
123445269
123413049
18
336
656100
2268
2
512
123456149
441
7
192
4
8
123456600
123456717
245760
7
0
9
7
123456159
9000
123456774
17280
81
504
72
108
18
226800
0
123456787
5
8
336
15
22680
8
123438645
3
243
420
432
9
8
1
5292
17496
54
63
1008
63
8
1080
123456733
63
123456579
432
7
18
1
8
48
18
123347029
123443829
123454549
63
160
27
4
2
112
1944
9
3456
30
123118101
245
1260
3888
36000
2268
21
120
294
72
64
1512
8
123099579
123456726
7
5
216
123416469
392
672
43008
168
1296
9
1344
672
1296
3072
3240
75600
9
790272
0
2
112
0
5
378
54
123455907
0
123168789
11340
315
123416469
123440589
324
294
135
7
226800
54
3136
252
3528
123456663
9
1134
48
441
13230
441
22680
108
1
4725
3888
504
432
123449877
7
42
24
115836309
123447717
24696
81
72
123408405
21
504
0
16
392
9
288
24192
9720
49
120
35
27000
36
12
8
1
81
432
45
122585877
30240
0
3
123440661
27
8064
5832
6912
9
324
29400
5
0
45360
4032
6480
8
252
123456645
41160
115200
127008
21168
120
123454629
36
15120
36
13608
3528
8
5880
123311637
64
13608
27
8
1176
9
252
18
2304
9
240
2
0
123456784
2268000
2
9
155520
42
72576
8960
123456785
123449013
138915
15360
1440
126
0
123456786
6561
0
180
18
122826933
120916629
7
18900
0
3
72
7
123456757
875
405
48
4
0
3
30
576
45
0
126
9
56
288
2016
123456769
108
81
735
9
18
122861439
7
31752
480
16
5
9
19440
0
48
123456749
145152
0
72
123452181
123456501
518400
3024
123439149
0
63
9
108
240
7
6
192
245
1024
1152
2744
14
123456717
540
123437349
72
0
384
3072
25515
96
150
45
6
9
123426069
384
48
10
21
2835
882
8
432
129600
0
0
123456600
60
40
9
270
7
20
9
23328
4
123456565
9
432
32
48
4
9
64
288
123456788
122896917
45
5
18
14400
3000
576
0
123456777
123456782
20
25200
123456725
9
7
123392277
72
4536
37800
54432
48
2
14580
54
54
1296
70
21168
123456783
56
8
36
360
48
5
320
1960
1680
105
3240
504
108
504
2688
123455925
27
3969
576
48
560
0
36
180
36
320
123456754
108
123456787
1890
9
1512
279936
123456780
8
81
7
18
6804
9
47628
0
648
252
123456733
768
36
33600
5040
1049760
2025
245
25
123443829
54
1458
9
40
123452469
48
8640
9
567
7
7
116640
18
9
288
1050
27
21
7
4032
12
40
122892309
36
21168
1024
123455613
36
56
20
3
0
6
3600
2400
333396
64
123241749
576
1512
392
18000
123456465
800
6
1080
123456735
63
392
18522
20
7
123456786
192
34992
1960
2016
0
123456774
2239488
486
123456757
123450741
17010
9
123214869
441
8
27
336
3840
729
7
1
56
8
2016
81
79380
120960
4
3840
144
36288
1400
36
123456769
497664
6
140
48
7
196
840
72
6
90
51840
63
7
123456474
9
25
123436629
81
210
1458
56
108
15
72
0
123456771
1920
192
6
120
5
336
69120
972
123450309
123451605
280
123456357
0
360
32
72
0
0
8
9
4
40
162
25
0
0
123395349
123456788
80640
60
210
9720
123456285
0
63504
8
2304
123235605
123456222
123456544
216
1890
4
3
288
7
196
3360
504
270
960
315
123456788
5
294
9
30
0
600
81
0
180
48
12
42
1008
16128
9450
189
123456788
36
2268
45
123456765
150
9
0
432
3024
42
123456753
48
112
5
6
123456784
180
54
576
7
9
0
20
123456726
11664
252
30
119646549
8
1
123456741
6
9800
286720
0
3200
123456781
63
123456222
17010
123456735
86016
34560
270
567
483840
123408189
1134
420
64800
9
9
25
8
9
72
64
326592
123456781
3
8
2520
3
15876
27000
54
36
9
70
221184
24
63
123456735
120
1944
8
4
3
8
123456787
45
35721
7
123456786
24
1536
1
7
123360021
18816
6
7
12
0
504
0
49
123456699
42
35
48
123456669
123456213
4
51840
123456786
2268
14
81
2016
7
6
12960
123421068
486
405
123456453
5
252
9
36
3024
123456600
136080
8
324
123456699
6
0
3456
1134
210
6
55296
12
9
5760
209952
432
0
81
49
15
123381789
0
45
24
123455088
3
2744
42
5
63
4
54
6048
2058
378
10584
64
8
0
9
378
248832
2
640
0
36288
6
8
2592
123456117
123456765
180
0
84
63
576
63
3240
6
0
8
48
4
160
48
9
1800
72
324
320
30
20
126
384
123456429
63
12
8
72
144
2025
729
72
8
47040
20
17010
40
280
144
6144
9
0
225
0
24
864
9
98
45
0
90
20412
1176
576
123452253
123456453
288
5832
0
1680
1680
0
123456741
12700800
72
746496
252
81
8
0
3
42
5600
123456573
6
2688
18
72
0
5
123410133
7
42
252
210
1080
9
1
768
2592
15
39690
486
10290
84
1792
24
6
504
48
2016
7
1512
27
720
0
123456783
0
123456549
7
64
126
20
588
0
81
6
123451644
122880
123455765
36
49
125
54
123443349
123456765
2016
0
45
648
123456788
567
123442965
648
32400
123456649
7056
48
204120
70
123456780
9
3
864
12960
405
9
123453333
504
18144
2352
6
123456717
123446709
432
7
0
16
6912
2100
40
18144
0
1920
20
123453144
6
123456735
119827989
8
1152
9
5
63504
12096
24
4
123275349
224
4
0
360
64
72
392
0
123456757
123456744
0
5
735
2
7
123456785
567000
123446421
225
0
123456782
7680
123426549
9
42
0
9
123456785
270
72
0
6
123067989
27216
2016
63
9
36288
123455277
0
70
123456775
8
7
980
200
2304
6
8
0
3
32
423360
123453849
108864
900
12600
7
5
2268
0
0
9
15120
123456784
18
288
144
2240
8
123456765
14580
5600
7
6
0
870912
0
645120
5
28224
123283989
168
6480
24
8
123456785
294
24192
6048
45
98784
123106869
400
4
72576
16
36
2
122212629
123455349
9
9
0
36
9
63
4
30
45
57600
972
0
200
54
504
123454773
5600
3
504
45
0
336
25200
270
8
123451497
144
72
10080
1344
9
56
54
0
9
123456783
6048
30
5
27
384
729
90
75600
18
123456783
9
6
864
123456783
49
2880
7
75
2304
302400
56
7680
123456579
648
120
900
81
129024
20160
5
240
9
622080
504
5
0
16
123456786
168
60
40
123450309
0
4
2688
10
21
68040
8
504
2520
123456779
640
18
123456681
123456621
1458
117233397
3456
35
123456735
192
5
20160
1440
123456768
1080
120
8
648
10368
360
21600
36
49392
245
196
3
8
642978
31360
9
5
123434919
9408
20
123456784
9
0
47040
480
0
4
123379029
1512
10
245
9
5
123329781
0
56
7
3
8
0
0
56
544320
2
7
9
432
123456357
0
8
11340
103680
2592
378
28
123456779
163296
9
123456639
3
123386805
123456726
6480
9
256
180
123454485
122919189
200
123373845
8
36
10584
123456785
1400
123415317
123456699
7
0
4
0
123450957
123456786
123456784
7
4050
123400341
225
123456785
0
2016
7
9
60480
6
7
123293493
2646
36
23328
81
9
72
123456645
9
123453333
122929941
0
324
0
3360
123456775
10080
48
441
0
9
0
4032
5
123456589
123343893
280
8
4050
28
9
1680
252
160
768
270
8232
123456788
4480
105
14
5103
8
42
36
123456411
36
123456501
9
0
70
2304
81
123456699
123453765
2304
123451029
18144
123456573
6
1280
81
1728
81
8
108
1176
8
96
35000
9072
0
123456285
6
2
8
1620
5
123456691
384
7938
576
336
288
49
8
48
5
35
24
0
8
8
56
120
2880
42
56
15120
980
1680
224
28
64
123456785
5040
6
8
6
3024
4
5120
432
123454197
567
96
1
4
48
123455925
441
6912
28
63
90
123426549
120
123067989
7
216
2560
2016
18432
123456474
2
123333309
64
5
0
8
63
6
20
9
3240
15552
123456788
41472
123455061
972
196
8
0
4
9
123245109
9
123456739
48000
123446709
21
9
15680
42
0
123456787
600
15
0
9
35
72
7
56
112896
30618
9072
123456759
336
648
567
7
123456757
9
35
9
123456786
2268
122912469
9072
7
4
123456649
9
48
972
5
7
0
36
3
32
123455349
1
30
123456213
3456
7
32
2
1008
987840
120
12
15552
32
123456786
123456782
1959552
56
241920
800
9
1260
67200
0
216
123456645
0
2688
7
0
2268
20
7
7
8
7
1
0
123388749
16
180
144
9
197568
640
2
9
0
8
9
0
448
1296
3888
0
123456753
123456733
14
1764
81
336
36
18522
256
123456733
0
324
2646
40320
123456762
123455844
5
8
9
2268
216
315
40
4
72
123456600
0
5
123456249
123456777
64
46080
7
112
123411429
123449229
0
175
123453333
8
6
122074389
2880
0
504
40
24
1890
18144
123456749
420
9
30
16
0
25
20
175
2880
45
9
28224
42
6
25920
0
18144
9
294912
1458
576
0
3
720
36
2
0
123453873
360
8
875
123456759
2
8
288
1536
35
0
448
6
175
1944
40
25
384
4374
8
30
123456735
48
0
123456735
2268
4320
123455349
40
123456469
123456629
224
72
3456
324
483840
64
123456744
112
4
72
224
144
0
1728
123456741
123456699
0
40
21
10080
123456781
81
8
21504
14580
0
8
0
8
123456784
127008
12
27216
270
16
18
0
1
9
0
30
1080
72
296352
7
123456762
123449013
3
123456788
123435621
4
0
2160
123456787
648
63
16
5
725760
36
18000
7
49
4704
36
6480
108
123456717
7
123450309
9
6912
40
10
63
8
648
48
123456739
123433269
21
8
54
27
5
172872
221184
294
123456645
38880
3
30
336
7
45
20
14
15876
30
315
7
288
81
72
8
8
123455439
1728
9
1
35
6
9
360
56
40
56
93312
200
0
56
90
45
8
0
72
40824
6174
56
123448725
70
486
42
36
252
315
2700
123456645
196
0
42
9
7560
225
288
324
48
1
240
7840
0
27
54
81
36
54
5040
24
4032
5832
72
72
122610069
81
81
123456784
123456749
123455889
63
123438869
392
360
0
35
61440
123456405
36750
0
123433749
48
4
1024
144
27648
123456614
18
1344
4860
8
64
9
24
75
336
10
9
56
18144
20
27648
123456787
123287445
123456765
144
5
0
70
7
5
3888
123401493
64
3402
6
123456677
875
362880
216
1
0
72576
123456784
144
56
1440
9
7
3360
72
4536
16
9
112
8
123456788
0
270
123455109
123453189
3888
168
8
123456747
2
28
336
123456639
3024
123456761
72
123456786
123456769
123456788
384
25
35
123456649
216
123456741
5
64
80
0
36
88200
1
0
8
7
123455025
324
123456411
60
0
960
10
24000
576
4320
64512
48
49
864
9
4
672
9
64
24696
9
24
240
6
1
441
210
1612800
13608
123456753
450
4
432
123075765
40
15
123447339
123456717
9
123456469
36
55125
54
105
123456717
8
7
123456765
123456021
216
0
123364629
216
63
31104
3780
4
3
9
30
56
7
9072
135
2430
7
180
6720
6
2304
123456663
123454629
6
54
8
40
0
378
123456744
123433749
64
42000
36
648
216
74088
1344
3024
1440
31104
123456741
162
5376
123432597
0
123453873
1225
132300
5600
123456786
6
63
123450389
123448149
24
559872
648
123439509
5
288
123414789
81
42
81
6
7
193536
252
216
69120
432
54
123456600
7
123456369
12
123456765
0
5
48
5
122477013
86400
9
200
270
5103
4320
6048
123456757
7
55296
189
648
2520
320
0
0
6
90
21168
9
0
36
15
382725
45
9
36
8064
3
2268
56
216
378
54
54
9
14112
107520
9
504
5040
123456783
108
12
126
63
4
1
864
123456213
450
21168
42
0
19440
123456771
7
81
450
123456465
120747285
6
123439509
123456784
648
50
360
64
42
56
51840
8
31752
165888
8
14112
2016
9
123456735
120
192
480
49
63
9
108
5
1260
648
123452379
123456783
123455277
123456597
123456600
9
24
56
63
31104
123455214
20
9
123415317
125
504
20160
147
504
1
123456786
8
123456783
121642389
0
0
0
9
20160
63
147
42
6
10
2430
35
63
35
27
0
3
192
2
0
24
0
3000
1469664
9
0
7
81
0
7776
123456777
576
40
1701
24
123456759
45
112
27
123456780
123454229
0
2304
5832
180
5
1470
0
20
6480
6
6
210
63
576
0
14406
123456753
490
7200
392
123455925
123450957
3402
123456780
54
120
16
123456781
1016064
123440661
315
567
8
68040
384
504
432
123456389
2
5832
192
9
32
504
2688
123455925
15876
5103
1512
8
3
72
123450069
8
0
28
4
11520
6
7
123455277
196
0
2646
6
24
1440
63
34992
192
63
123028137
5760
2025
72
81
7
4
324
123456744
108864
972
40
18
378
8
8
8
4536
123455493
123456735
8
1
124416
12600
270
9
9
245
0
0
144
123456708
6480
1440
240
12096
96
1512
4
12
123456741
30
9
36
50
7776
96
10752
7776
120
123456786
45
8
189
7776
12
324
1
123456786
0
3024
17280
24
9
81
648
9
108
7
270
441
48
840
123456771
8
5250
40
103680
65856
0
8
189
155520
72
55566
0
4536
576
9
123456733
900
640
294
123456788
123448725
48
0
7
5
0
900
3456
1470
7
16
0
81
9
72
63000
4
123456303
9
324000
12960
123456733
123432093
567
4320
123456788
35
123455781
6125
15
2
9
123456645
8
18
123456573
12
6
0
56
120
210
81
486
864
144
210
2
9
1440
320
123456783
720
72
0
9
90
123454989
60
123456784
40
8
72
576
16128
56
1440
9
81
0
6048
54
3048192
176400
112
123456149
80
48
123456784
72
189
123456726
24
123456784
1008
121339989
12
9
8
90
48
882
1176
123456782
4
40
0
50
588
4032
5
840
72
122327829
28
123193365
54
5760
123456747
7
7
26880
63
0
9216
960
64
4
1440
45
5
63
9
21
4
20
54432
504
8
81
48
54
72
0
123271569
7
123343893
8
60
486
0
113400
16
0
504
36288
44100
69120
270
1470
144
7
8
123429141
24
123456787
6
0
32
0
8
54
8
123456277
9
86131989
123456469
72
8
122688469
24
72
388800
7
123456681
123456780
30
1152
160
5103
2025
9000
6
378
48
588
123456787
103680
1
123456141
0
3
43740
0
1008
72
5880
0
1800
388800
123442965
252
392
756
64
4
0
0
4374
56
700
63
56
42000
126
6912
288
8
150528
1
32
12
2916
9
7
105
2205
324
8
3087
16
0
63
123450741
0
576
81
6912
72
8
123456768
10
28
123456783
123456783
123456787
378
123456348
8
24
1792
258048
4
9
123430869
123456549
123450741
123451605
504
64
93312
123456573
40
6
158760
13608
75600
123456769
512
24
0
1
35
829440
0
9
27
135
4608
7840
1200
108
448
1344
1008
4
81
1920
8
9
224
125
14
6
0
9
3402
122538249
512
0
123441237
40
56
197568
122567733
123456785
4608
48
4320
162
2
7
14175
64
98
108
840
288
12
0
224
1440
0
16
441
7
288
18
123456537
512
50400
2
5
2016
12
180
123456303
960
123454269
81648
54
0
0
123455221
384
11025
15552
9
336
8
122903829
0
123456645
123456784
18
18
3402
121037589
40
123456784
8
294
9
40824
0
432
4032
2
18
123428565
48
4
123456369
24
6
162
2048
72
123399189
25920
115200
56
8
0
8
1440
144
5
49
123456573
2
120
36
9
63
8
480
3
12348
14
48600
123454437
49
48
123456762
123456765
0
288
207360
5
243
8
336
4
144
16
504
21
3
45
32
5
123455925
0
4
9720
123456453
64
24192
576
1323
123456645
21
123456741
810
14
2160
123456762
6720
123456669
48
123456661
210
40500
16200
64
56448
6
648
123388749
123132789
250
5
128
7
6
6
48
72
30
7
4
42336
432
123456469
288
5
5
979776
800
123456741
54675
1389150
8
8
27
0
2268
11520
6048
9
27
36
0
12
40
9
6
2646
123456639
8
18
123452869
5
123318549
87480
145800
123447069
1344
1
6720
8
9
62720
2
0
8
1536
1354752
64
123456783
5
122839389
20
63
9
120960
24192
120
0
144
123456389
3
8
42
0
1620
2592
48
123456777
0
72
216
360
123456768
123456784
252
9
8
72
1134
7
320
8
7
122472
2835
567
3456
200
3456
7
123437349
15876
7
420
4
13608
8
896
6
4096
162
324
18
9
123456771
4536
81
0
45
123089373
6
2430
42
2744
180
123364629
0
123456785
0
378
81
1050
9
123450957
54
7290
3456
32
2880
80
1
16
9
40320
4
245
4
0
45
90
123455925
123456787
3429216
5400
45
2
84
123456788
123431589
2352
280
5
2160
3
80
123456744
123456787
486
123456768
0
72
1575
0
123414264
72
123456429
1120
6
1399680
42
123454437
224
1080
63
560
441
0
1080
36
6
123456785
1
9
8
56
432
0
123456779
960
0
6720
432
8
4320
1620
6480
1
486
8
9
0
10368
56000
36
16
8398080
336
1
30
9
192
373248
192
2835
18
0
0
24
4608
81648
108
2304
2268
123445589
9408
1944
0
219520
9
30
36
123456753
270
1120
4704
96
7200
0
1944
15120
204120
216
1280
6
10584
7
35
6
123431274
123456709
123451029
36288
2160
216
1008
9
3584
1524096
243
60480
123445269
16
1536
10800
9
129024
504
63
102900
192
63
160
945
0
1750
0
9
6
63
2
4
5
8
7
11760
360
123456787
21
10080
48
1960
5
31104
123451389
26460
0
42
123435189
6
123456787
384
6
15
21
123456765
72
64
0
0
123184629
2016
123456787
441
141120
10
81
6
72
42
123456771
123456141
3024
123453549
30
56
9
5
9
1440
480
121932693
123456784
60480
360
48
8
31104
32
5103
3456
0
306180
24
3780
7
123456649
2
648
0
6
2
20160
123425037
123456771
2
7776
0
123455669
4
123456784
23040
32
8
288
288
45
224
15552
21870
6
160
24696
4
18
0
3
123438645
64
486
123093909
196830
32
81
123456785
72
10
1
9
8400
2744
18
7
0
9
512
123369309
672
123454629
6
12096
2520
63
0
35
864
15
288000
63
486
144
441
75
6
675
24
504
56700
123456785
6
9
120
12
24
7680
100
123456785
160
121818389
42
123362709
6
882
56
483840
54
2240
96
56
4032
1458
69120
35
15
11664
105
40
0
0
2
56
512
153090
2304
140
123454269
78732
216
32
2304
8
1400
0
9
123456729
123455893
123456781
252
123456787
3000
54
5184
121497237
548800
1575
448
32
1920
19440
60480
119070
4
2520
8
123456785
123305589
36
9
567
5
25200
5
72
123401493
5
18
0
126
30
0
123456739
54
2160
3136
5184
8
150
42
42
1306368
9
0
84
123456735
42
360
8748
2268
7
72
123456465
56
7
0
42
2205
448
2
20
0
28224
28224
6
2
18
1080
648
0
378
193536
315
1260
2835
123456777
108
9
0
21
5
48
280
72
123456384
5
5760
5760
583200
0
17280
756
1800
45
9
123456783
72
4
3
0
4
72
36
18
0
1800
56
210
9
24
0
0
40
729
72
225792
72
123456773
222264
9450
52488
150528
35
5
40824
2592
0
123453549
567
315
720
135
56
8
7
432
0
8
7
123444693
138240
4608
123454773
15
108000
21870
105
21
123444539
0
6
432
504
42
123456785
123456429
576
17640
16
8064
282240
5
4860
384
8
6
7
5184
73728
45
17496
81
2520
123456621
48
36
9600
967680
12960
6
126
17280
567
8
81
315
378
1680
15876
216
0
5
63
8
504
0
170100
4
1323
7
25515
11340
153600
8
0
0
6400
56
7
123449733
9
123333909
16
8
123450309
6
117741429
10
1
123455349
0
648
81
32
123456733
54
121134357
972
40
36
7
9
504
576
6
81
9
0
123456754
24
40
31360
216
0
1960
9
126
6
0
200704
30240
189
18
122016189
8
630
168
24
70
6
576
45
135
2
7
315
4608
0
9
123456771
9
7
19440
1620
3456
123443829
500
24
8
0
0
9
5
324
42
168
36
10290
14580
4
486
7
3024
486
12
123456785
1920
123456783
5
5
282240
17280
32
48
0
40
160
123456719
276480
123456549
384
123456501
13824
1344
27
8
0
30240
45
63000
729
36
0
123456788
480
18
8
3
123456699
756
64
0
9
8
6
70560
405
1890
504
24192
72
123456733
72
960
123453261
1
24576
8960
9
0
48
123429573
123456786
0
1792
9
2160
2520
324
123455589
2520
210
870912
123456669
75
378
9
96
56
5184
486
123456773
5
123456705
2880
7
64
64
42
7200
123456788
294
123456779
0
5120
123456564
7
17280
288
635040
21
0
24192
123456782
1800
0
8
54
0
5
8
123324489
1260
8
6480
123456699
7
343
900
0
123456699
8
1458
64
1344
6048
123444693
729
81
123455025
3
588000
100
72
81
60
15
0
3402
1
0
0
2016
6
189
576
8640
81
0
81
81
192
12
270
40
7
1890
123456709
6
414720
35
15876
32
0
2160
9800
1440
36288
7776
1728
81
576
630
123456787
27
1458
2592
0
448
63
0
40
123443829
288
12
48
8
4
1105920
35
123429909
90
12544
45
14
123455781
1008
54
48
6
0
123456741
1200
2160
2
63
9
54
1008
23328
144
0
8
1
0
123327765
378
49
864
123456249
9
108
64
42
123456786
123424533
4
123456744
123456681
123456277
40
36
15680
0
6
23328
126
8
1800
63
0
486
0
4032
0
72
2268
5
14
9
3
1
117900189
75600
9
9408
12
123456663
189
123455949
900
63
120
576
123456787
24
9
81
40
48
0
14112
9
4
37800
18816
1200
123456741
123452589
1152
123456787
324
9
1728
3
123456787
512
0
30
123455109
0
36
24
5
4
0
280
216
1440
8
3
123456781
0
123456357
9
15
0
1428840
9
54
9
200
9
24
7
0
18
9720
7
8640
324
123456784
2
72
225792
216
405
10
5
7
72
54
3
123452589
9
3
378
432
123456788
0
10584
123456782
1600
123456787
2058
123456708
56
123456786
36
4
8
3888
2916
4
123456213
1008
1120
123443181
12
200
0
43008
17280
5
8
13608
100352
123456783
11520
5250
5
9
35
1728
216
8
672
122966901
123456597
324
52488
54
61740
432
123386805
6048
36
384
72
756
1260
8
121521429
629856
56
200
6
49
144
576
30
378
1152
729
0
10206
180
42
640
9
123456753
123456717
45
0
9
6615
4032
2304
2
48
81
6480
30
123446205
123456781
5
80640
0
81
28
37800
107904789
15
1
320
5
123448689
0
15
123455781
0
123430545
5
10
1008
18
0
96
123456757
288
48
32
67200
24
9
169344
124416
123456303
25920
63
123454869
72
63
392
7
123449013
9
123456786
1080
0
123456753
54
7
72
9
9
123456735
2
0
4608
0
64
6912
448
63
15360
2268
3500
56
9
7776
480
9
216
256
5
8
123453873
336
7
4
0
0
9
5
280
0
24
72
72
28000
324
18
123455417
123456621
30
36
126
0
63
15120
250880
123450389
123447717
32
20736
2592
4
123456411
123454773
2
0
54
31104
181440
8
0
7
441
40824
4200
123456357
123456684
20412
648
8
123456769
72
54
0
112
720
32400
1050
672
1512
648
8
3136
123456788
122756949
9
64
123442965
123456741
15680
0
672
72
1890
49
588
8640
9
123456786
27
36
4
72
5
64
7
0
56
123456717
3402
5
25
1323
90
32928
8
3
123456781
6
48
4
48
72
9
0
8640
2835
7
7938
8
123456645
840
839808
9
5
123267789
1440
123456069
0
240
40
35
123456771
15
635040
119928789
0
126
4
378
9
560
564480
7
7
54
4
5
432
8
20736
18
23814
2016
8
3
123456411
18
2835
144
5
0
81
200
6
81
1944
25
4032
24
25
9
32256
5
9
9
123456709
8
48
9
7
7
6
15876
1792
48
123456744
1728
122005269
10
81
20
243
5
7
840
1
9
120
1
1260
21
9
648
32256
2
16
3225600
8
9800
448
48
123455061
72
12
405
1152
51450
123456546
192
1
123379989
123456765
1680
336
1
5
0
3
24
9
2688
9
9
10
567
4
123456788
1715
0
504
567
48
126
504
56
72
181440
123456744
123455589
6
123440325
20
4536
1176
6
5
307328
7560
8
630
36
8
0
63
7
0
35
240
30240
123456411
123456781
8
24
2
49
7
1440
45
1
10
9
8
1152
2250
0
72
54
0
123227154
230400
0
108864
7
72
343
123450309
2239488
123442677
720
49
540
3584
30
2688
31104
7
123019389
392
1
0
123456775
2688
123448389
63
7560
441
1512
6
560
36
20
0
4
70
216
0
49
144
123456609
9
123456303
72
7
63
123456747
49
63
576
432
123456549
15120
0
126
40
8100
123223509
54
300
343
4
6480
123335829
3
123456777
123456781
144
7
8
42
8
123424533
48
256
1512
540
10080
55296
123456781
324
8
123456788
30720
36
8
280
35
576
3240
116640
1960
123456782
107520
8640
5
42
45
123456777
4
144
72
6
4
49
5
123456771
0
720
26244
123111189
192
17640
290304
0
123456765
0
2
64
10
7290
9
3888
0
4320
1
210
9
123454773
123288789
8
72
16
123456565
123456719
168
0
2430
105
4320
49
72
3024
160
6
123353109
768
123456781
2268
123456780
1400
419904
378
0
5832
54
123456725
0
123456782
36
1600
56
243
360
123400089
0
123456781
9
40
186624
0
123454584
8
123241749
140
2
441
144
123456285
27
4
123456719
24
123456765
123456054
1
6
1764
56
4800
36
27
56
1296
25920
216
56
9
10368
63
42
9
36
7
0
123456699
3
123413589
0
27648
252
3024
0
123456759
56
123456765
144
54
48
189
6
2667168
168
123456777
35
123456759
3
0
36
0
7
72
567000
24
0
1800
15
72
0
162
0
43218
1176
518400
123456693
72
384
189
9
24
30
4
31752
6
504
1008
3456
24192
7
729
123456357
734832
0
0
123456788
123205909
72
3
3360
34020
3
3402
24
1296
6300
123435189
123447717
2
1536
3780
8
504
1029
8
2
5
56
0
648
1680
9
1
96
123456597
123456693
56
81
9
24
123447573
0
800
12
15
336
16
448
0
1512
18
123377409
20
0
448
123454485
32256
0
0
122912469
4
123456537
9
180
30
216
0
123455221
48
9
1440
8232
18
27000
4374
810
14
72
378
72
8
40
11760
7
3
7
567
8640
5
63
1008
49
98
864
17496
7
1215
18
1890
3
112
5
81
123456782
36
72
123456519
0
0
72
27
122472
0
15435
123456788
450
314928
123456717
315
63
0
56
24
43200
30
2
19440
9
123456777
123455817
0
40
8
9720
338688
27
24
5
123456768
11520
175
84672
1134
5832
360
15
9
123456782
45
123294789
51200
6
2016
32400
210
64
80
1680
8
123433461
6
12
27648
0
756
123456357
10
36
123385109
20736
123456753
504
15
49
972
7560
9
56
2016
123438645
0
648
6
112
20
123036885
3
54
28
2240
189
64800
81
300
184320
5
0
123455493
9
45360
123443559
9
8400
123456747
7
84672
8
12096
123456757
4
145800
56
432
6272
1920
7
123433269
1134
40
123446037
7
72
81
40
7
9
63
504
9
8
1152
42
7
3456
3000
6
7
1728
0
10584
64
72
48
0
54
5
241920
648
2205
123456429
45
123456785
35
7
192
544320
648
123456786
36
4
8
123456753
9
2160
8
840
18144
960
1
24
252
90
40
45
63
432
240
15
14
9
16
15552
315
8
210
378
508032
123456729
9
4
123287445
123456429
123456719
0
3240
432
3
7
81
48
49
1008
30
1959552
0
54
6
225
35
9
5
0
0
35
72
120
360
9
123456762
4
9
53760
215040
270
108
1800
64
252
56
9
4
1
144
48
100800
7
108
7
0
0
8
5
9
72
36
40
70
9
864
8
81
120190869
8960
123456741
12
0
0
224
123456533
123456693
140
315
326592
9
5
168
75
448
123448149
6
123456783
5
30
5670
28224
7
7
5
459270
13824
1
567
192
9
210
123093909
420
5832
4
729
168
6
21
9
5040
9
2688
21168
72
8
20480
0
11760
54
0
0
5
35
9
9
8
36288
106450677
4032
122512005
7
4478976
2
72
1470
6
12096
7
4
486000
1
72
64
8
15
2
14580
123456717
56
378
4
14112
4032
7056
75
4410
54
200
1512
35
123456565
123093909
30
629856
123456621
72
15120
384
123456705
9
56
20
15
320
4
504
6
5
108
972
123127509
40
123453653
123456777
123456753
489888
1512
72
945
1024
336
7
160
2240
36
7
123440789
160
9
2205
15120
56
0
24
432
336
0
7
6
63
4200
200
123456788
123455493
2
9
11025
123456645
3
24
648
5880
567
144
0
7
9
24
6
28350
4320
8
42
123456717
288
5760
8
123456786
0
6
3
0
405
123456787
123450309
450
2688
8
123455817
1512
9
5
126
864
7
210
8750
123456705
123456788
972
6048
9
6
56
7
123388749
7
123456762
123456788
0
8
0
8
123456357
0
4
6174
720
1404928
54
10080
7
6
123456645
6
336
486
3
4032
216
0
8
66150
42
123456735
8
56
7
169344
36288
8
1792
2
7776
54
123456771
7
42
3888
63
3
0
1428840
135
4032
448
0
9
210
123456749
36
504
20
1960
9
6048
54
115248
6
123455781
6
2560
9
72
54
123456495
4
42
12
64800
0
123456781
729
9
81
45
0
0
123455637
15
1944
72
960
123303699
9
150
24
7
72
123456786
123448149
40
14175
5760
32
120
4536
392
123180309
123452739
9
123456773
0
2
168
0
9
2
28
123456693
123456787
123456405
123429141
32256
504
123456783
1
6
123454869
0
3024
1080
8
3
12
123456754
189
252
9072
72
9
40
72
123456787
0
0
343
288
0
120
0
23328
6
576
448
3072
20
9
15552
576
1
6
128000
87480
72
0
72
1344
123456787
405
84672
123456753
123455709
81
9
1728
123456749
1
12
5
123429573
1
315
2160
123456405
2240
540
6
81
123455109
0
180
123456787
0
1728
8
24
2
7
6912
0
288
10206
123456784
3024
64
123455817
8064
0
123384213
50
378
123456788
123456629
12
38400
2304
42
120
0
9
240
123456600
0
123456501
192
123384213
6480
123456201
384
28
648
25920
120
0
135
240
9
1512
3456
3
3024
12960
42
288
240
56
1764
56
32
123456771
9
6
2240
23814
123456749
756
9
123408405
54432
180
9
324
62208
123456719
0
45360
24
0
1960
512
9216
123456783
4
45
8
2240
381024
3240
7
7
123454989
1
36288
378
81
3600
12096
5
1080
81
35
123165189
648
2880
240
288
28
35
16
500
9
504
72
42
123456397
4
315
123456784
10800
8
81
4
1
9
8
9
6
0
729
3110400
27000
486
210
123456780
224
9
80
66150
123417909
8
6
9
1728
2
49
28
64
252
432
12
0
123456411
9
5
2160
0
116640
18816
144
123456771
36
9
72
135
0
123366069
4
1440
280
414720
63
0
504
34560
5
5
30
1080
9
12
60
123455781
8
576
123456786
4032
54
336
48
9
9800
945
294
6
108
72
0
45
2240
123386805
224
4
20160
336
27
64
588
10368
4
567
7
8
8
4608
0
8
282240
54
7
0
56
123456780
123207957
9450
123456769
8
108
48
123456726
123456645
1399680
7875
3136
8
162
123456777
0
1225
81
1
8
8640
6
123445449
123456735
0
48
123456773
123456764
123456785
56
9
123403869
9
144
9
122322789
4
576
15
2880
7
123456779
20412
756
28224
12
72
4
9
540
1260
54
48
27
320
0
2646
216
6
123456788
4
32
147
216
123456784
252
180
40
30
64
123455739
72576
9
8
18
70560
9
576
504
1
4
2
20736
56
123455509
2205
6
6
21
123432489
0
8
123456579
0
324
1512
9
123456785
0
123456735
7560
162
79380
4
5832
0
49
52488
18
4
123419157
8
103680
1814400
56
4
123456783
123454629
123456474
567
1890
5
9
0
135
3
122844429
10206
0
10
8
27
158760
81
3888
62720
123456747
72
60
2
123456661
123429573
123456784
14
810
90720
6
123456693
123456783
1764
6
8
45
9
123048549
0
0
1344
10206
70
123420339
0
123320709
81
105
123456787
2
35
384
1200
80640
119070
192
8
18
96
0
6
5
11200
30
5
14112
123456357
10752
63
3780
56
123456779
181440
18
5
972
5
5400
63
8
384
9
9
8
122186709
64
1296
81
123456519
80
5
123456597
5
9
162
123452901
9
51840
20
564480
132300
6
405
62720
5
123455061
16
90
123456501
2187
81
23040
123456787
35
504
6
123456684
0
432
504
192
0
0
7
123456654
24
9
600
288
252
0
32
0
175
9
6
666792
3456
15
9
123453333
35
9
123456509
123438645
56
2240
4572288
30
336
315
8
504
123452589
5832
2
16
4200
123456769
7
0
123456788
18
6
451584
1152
123448149
441
168
0
8
123456654
7
0
9
16128
3528
2352
270
123396309
648
15552
8
9
29160
2205
123456781
1008
54
5
6
126
44100
4
3
7
280
14112
140
7
67200
144
6
7
0
9
0
15
15
0
10368
864
7680
378
0
123456784
30
0
112
7
54432
1008
0
7938
0
8640
0
32
6300
1
48
123456357
336
7
9
72
54
8
54
123456229
0
123332373
8
17280
123456780
9
3000
0
5
123456303
4860
123456669
7
2160
12600
4
120
36
42
336
414720
0
3
4096
48384
9
49
6
7
8
480
0
5
4
2
7
0
24
756
9
2240
9
123456579
40320
123454869
123456509
630
3048192
384
7
42
72
3024
2592
194400
960
1152
123426549
2
0
4725
123456757
72
6
120960
4
45
3136
63
123456501
270
180
9216
64
123454485
0
0
3
122821749
0
123456747
162
140
32
123456714
45
123456777
64
42
2304
123456785
0
123449013
31104
0
2880
0
7560
1680
161280
95256
2
6
3136
123456579
123456787
0
8
288
486
112
217728
123456784
123456735
432
192
8
294
30
123450909
7200
123456788
35
123441237
123453849
122864085
567
56
576
7
504000
123456384
123447717
3
288
252
175
123452469
63
6
8
0
123456788
70
9
3
168
9
8
123456788
8
1152
48
9
17640
18
27
0
123456787
12096
675
288
121707189
30
3
896
9
280
9
6
21
216
5376
123456699
123456753
216
123456785
105
6804
9
5
240
122336789
21
122337045
8
322560
72
12
115991829
5
123343893
0
384
2520
12
252
15120
17280
5
28
28
123451029
123456779
254016
7
1568
40
63
45
123456773
56
9
378
1
123456779
9
1890
432
48
0
123337719
378
8
9
2592
24696
567
63504
3
315
123339189
123456781
34020
729
1512
123456600
126
123456726
10368
123439509
20
35
16
0
9
1350
1470
0
0
576
0
21
123456785
53760
72
2
441
13122
9
0
123456788
123456787
1146880
28800
123456786
6
5
72
63504
123372117
512
12544
123454485
123456785
1536
9
90
9
48
12
123456786
123456741
64
3360
42
270
56
6
1512
100
123456787
1440
123456117
432
2160
1344
64800
10290
288
108
1890
4
4536
123451029
9
36
432
8
81
123456769
72
123456785
123456747
51840
72
49
123456747
288
40
123456699
23040
0
6
6
378
14112
32
24
30
123456733
2
0
16
6
36
123456645
30
123437589
123420501
10
4
3
8
70560
10
18522
900
9
120553749
24
1800
123437189
972
36288
123456213
123456005
42
3
81
0
10752
252
9
9
186624
1
36750
123456573
70
123456753
221184
9
2
0
32
18
36
9720
69120
1344
48
0
123456573
81
13608
378
60
0
10368
0
72
40
49
5
15
544320
6
160
5184
12600
2016
123456765
3402
123184629
123456782
72
18
3240
8
63
9
123425037
4
0
384
47250
108
48
0
123453765
8
6
420
123083541
45
10584
0
2352
8
0
576
123407397
189
2
64
36
123456773
10125
123456788
720
3
123320709
3150
243
48
486
252
336
2646
123435285
128
0
112
123456785
1492992
18816
14400
56448
72
24192
123385347
244944
27000
123456783
123456780
0
9720
72
2430
3024
3600
1323
8
13824
8
280
360
4
123445989
9
3584
320
105
5
123450957
6
1
123454485
32
77760
72
64
123441669
17280
123456733
63
8
35
0
270
32
123456771
0
63
3
210
123456717
123456762
0
5
2
123450741
81
72
1632960
180
5
27000
123449589
224
123456784
3
1764
123456429
123434919
194400
0
12
3528
25
3
0
36
123456453
36
27216
123445989
20160
123456117
20
2800
123456735
240
123456769
11340
122885253
70
5040
163296
9
3645
48
49
72
72
9
980
8
54
7
90
762048
0
7
0
120
123456747
60480
2268
0
24
23040
123456277
2430
127008
12
4608
49
123397989
1400
1960
294
5
720
0
123456717
0
7
5
113973525
54432
9600
122606289
324
49
123454521
1440
63
9
0
896
1000
2
72
123456645
123456781
8
75
36
4
14112
123453765
25920
196
381024
64
7
9
0
20
5
3360
7
448
23328
36
77760
392
123456741
141120
9
9
123366069
123456783
51840
2520
63
6
72
0
3402
123456765
729
6
0
27
86400
44100
1120
4320
9185400
280
5
121823829
648
4536
56
2520
4
93312
27
642978
123454741
30
65610
48
32
6
0
7
360
123456729
6048
5292
72
48
77760
1680
15
0
90
0
384
340200
576
6
378
5600
56
691488
9
0
9
35840
123417909
96
9
70
123456787
36
123455889
5
60
123456753
4
5
27
5
4
2592
0
9
1
123456549
54
2304
42
263424
0
123456771
30
7
123275349
255150
9
123453387
200
64
81
48
4
567
18816
6
210
1680
81
2592
960
0
9
11025
70
6272
32
54
7
336
35
123408405
5080320
123409749
7
123456788
9
18
1050
7
36
360
15
0
2592
2322432
3
5184
42
126
123456771
1728
7
123455979
5
258048
3
123456780
2646
24696
122232069
6
123455760
81
72
48
12
576
25920
2520
11520
336
7
2160
7
108
806400
48
63
128
0
123456786
123456788
252
5
68040
123456741
6
123456699
2520
9
9
1350
27
49
2592
64
945
2
5
180
72
10368
180
123456786
235200
40
0
0
352800
7
864
123456733
576
8
123456788
2700
6
9
0
138240
0
14
123453765
96
6
63
5
14
3024
0
6
24
63
6
0
1728
112
2
8
672
3
9
5
1568
5
0
45
4
122640309
121097493
123455949
21
40320
0
0
567
0
504
34020
240
8
15876
50
123456189
4
123456786
9
1800
23328
54
122779413
8
0
0
40
63504
336
62208
34560
5
32256
72
72
123454869
7
480
0
9
7000
1512
4
123456573
288
81
123327189
3
0
72
72
30240
5
0
123456771
0
1344
2
123441669
720
6
1
3528
362880
8
123456741
800
6
300
6
25
96
7
252
29160
2880
0
123456717
35
1890
180
392
1536
36
0
1890
31752
6
32
384
270
0
0
123454602
123452379
2880
0
9
36864
123456699
72
320
15360
2400
1890
40
69984
123456705
0
6
384
1080
64
64
4
9
49
1152
0
8960
9
123420501
13230
9
8
6912
98784
123452673
123456785
0
18
72
56
349920
360
3780
2430
123456782
45
9
30
200
12
12600
6
343
123456788
0
123456733
123456645
432
900
600
56
8
54
3072
0
48
18
4
3
336
3
144
126
8
567
28
123456786
0
56
294
123214869
9
423360
8
252
49
168
64
9
48
18
168
63
0
6
54
123456777
441
1728
111132
2880
15552
193536
165888
6
5
123456765
45
123456787
5832
144
3
9072
9
2592
504
360
8
216
3969
49392
28224
9
148176
54432
123130197
54
9
123456771
2352
8
123456788
10080
123456786
123445989
48
3499200
158760
123449733
189
629856
0
243
224
168
4
3
48
9
36
24
123422229
90
5
1049760
123456780
1575
12288
72
8
0
81648
640
55296
7
200
210
63
2240
123420501
72
8
2646
0
0
1080
672
8
3136
62208
123392277
123394581
2430
123455109
8100
123456717
240
28
35
35
1440
3
324
0
28350
123456788
8
24
82944
1296
14
27
4
0
54
72
0
8
7
40
123456783
9
216
12
790272
5040
470400
168
123401493
9
12
34560
4032
10800
8
0
123454521
123456735
4
0
45
288
4032
294
2
123456786
5
123456786
64
194481
8
36288
9
1
0
90
123456645
1152
8
3402
2520
9
122880
9
72
10584
0
8
105840
6048
8
8
109350
0
14
123456565
123456726
270
8
0
108
123456786
200
123455979
12
1680
45
8
3024
486
24192
9
0
7
5
122984289
63
72
7
3
0
36
72
270
420
18
648
9
252
180
4
8
30
49
16
448
100
405
2240
40
0
2744
18
45
95256
0
1
56
15552
864
20
48
2916
81
392
2268
7
0
840
576
0
80
180
60
123456773
448
38880
27
192
123389589
123456735
9072
0
90
4
58320
145152
4
123456765
5670
784
20
2
4
392
192
116640
172872
48
56
9
840
123456762
123456785
0
90720
2240
0
63
384
9
123456777
180
9
123456717
5
48
9
243
48384
6
504
486
3240
13824
378
3136
15552
5184
225
648
45360
672
6912
16
504
4
7
42
123456787
100
512
4536
4
288
123432093
80
392
0
6
336
123456501
72
576
9
48
6720
81
24
123456788
9
161280
30
56
35
28
162
9
217728
8
123420501
35
123456609
123456765
9
9
0
30
126
504
756
81
9
10080
84
7
24
28
81
2646
6
8
3
56
48
7
21168
81648
49
122337045
384
4
750
123456749
9
6
36
1440
1701
324
7
108864
45360
108
123456786
72
123456788
1728
0
123454101
123456779
123450069
4
81
128
10080
21
81
6
0
20160
13608
1
1890
36
15360
2
120960
93312
182250
48
504
49
123456787
1
384
7
123366069
8064
63
52920
123456771
43200
240
2016
3
9
405
1080
63
36
6
32
123450389
123359589
0
700
51030
64
7
2100
123456465
48600
6
320
108
648
2646
2430
54
3528
123456537
123456780
10
2
5
349920
4
362880
22680
45
8
378
448
7
2016
121392405
1944
432
294
288
123456465
387072
294
43740
20
0
123456787
123455253
0
240
72
142884
980
108
123456784
8
120
0
123456777
36
7
123455109
9
48
9
3
0
630
54
10584
9
123456629
123456369
4
123456677
123456787
2268
720
54432
2688
768
224
123048549
123455789
42
24696
112
123435621
54
3430
388800
123456765
1764
70
32
123455169
7
0
0
123456565
3402
126
45
123456645
150
405
96
6
126
81
49
7
90720
49
64
8
5184
123447717
3780
56
60
56
38880
7
35280
123456747
45
9
56
123456726
0
336
217728
18
9
360
30618
123456787
40
7
144
16
42
32
188160
27
9
6
8
168
8640
123450741
3969
4
315
123456786
5
96
134400
123456788
63
13608
15
118455849
9
123450517
6
4
45
18
486
40
0
108864
5040
72
5292
1470
54
12
123455564
9
10752
6
123430869
504
123451497
4
123456780
0
7
8
1960
122247189
2700
10584
56
54432
63
27216
8
5
31752
141750
315
9
4
4
5
123456773
0
5760
63
72
0
0
16
123429909
49
3888
42
6
270
1440
6048
123443829
432
9
5400
56
0
0
489888
243
48
0
123456784
123456741
123456783
2
1512
384
5
192
0
360
0
270
630
6
392
100
123420501
630
504
69120
90720
123456781
0
123456769
216
123455025
36
12
123436629
2
123455564
7
8000
96
2880
200
123456726
68040
3
3402
15750
27216
9
84
108
123451029
9
160
448
0
0
72
16
27216
2240
8064
9408
105
512
70
81
123456771
0
7
11760
8
32
384
27
123456788
81
129600
0
2
123456786
252
54
0
5
123456489
70
81
28
0
3
1080
3402
123456768
272160
3
113400
123456788
1
0
30
123450645
0
9
123456705
15
216
123453639
142884
40
2
35
123456774
123456771
2160
1
378
0
1
8
9
576
13440
123033429
150
144
8
5
122232069
18
4
0
9
123456546
9
8
7
9
10800
9
9
45
80
32
7
123456757
42
7
81
27216
123456609
63
10800
123456699
768
123456783
252
24
2
2880
16800
18144
28
3
123456285
12288
8
3969
42
0
5
8
6750
63
123166485
6
864
56
7
18144
123456714
63
123456786
192
4
4
450
441
216
1080
7
270
9
0
6
840
123456501
24
123456754
63
9
18
16
0
588
3840
2
567000
360
8
3360
4
126
123162789
20160
126
36
6
1764
123456786
576
45
8
123456762
97200
122710293
5
122715909
6
54
4
64
2160
5040
123416469
4
10
8
121497237
756
2240
2
122472
1944
0
64
72
56
4
123456761
189
42
120
56
63
123455349
1
123455817
120
49
720
19440
35
245
123456788
0
123456788
123456771
32
129600
54
378
24
63
123456785
302400
1152
14
0
123456783
72
432
9
4
8100
336
0
168
72
123456627
36
32
14400
63
123456733
1944
768
1080
432
6
0
72
9
21600
10976
123456759
3
123130197
567
8
288
6
81
0
7
952560
1323
960
48
63
3024
870912
30
6
9072
10584
4
120
5
31500
2400
18
1728
8
8
48
21168
600
6
0
1800
15120
343
123456779
1
3
243
8
0
