4076
3894
3894
3774
3774
3774
3774
3774
3774
3774
3774
3774
4421
4421
4421
4421
4421
4421
4421
4421
4421
4421
4421
4421
4421
4421
4421
4421
4421
4421
4421
4421
4421
4421
4421
3388
3388
3388
3388
3388
3388
3388
3388
3388
3388
3388
3388
3388
3388
3740
3740
3740
3740
3740
3740
3740
3740
3740
3740
3740
3312
3312
3263
3470
3470
3470
3470
3470
4056
4056
4056
4056
4056
4056
4056
4056
4056
4056
4056
4056
4056
4056
4056
4056
4056
4056
4056
4098
4098
4098
4098
4098
4098
3737
3737
3737
3737
3737
3380
4029
