77 8117568497
1 61687751867
1 543637398224
1 292446087807
1 253269360023
1 168981790337
1 167271382515
1 184891914328
1 111349857382
7 60459750831
3 166803374383
43 16270986950
1 255138052926
1 131396172193
3 179521265137
1 580295067617
1 283291270969
1 658505784337
1 420760442103
1 130837028448
1 89725485867
1 264289444470
1 541450628574
7 33243496590
7 30239198212
77 5779610318
3 175373906534
3 144179227690
1 26249751374
1 309650981831
7 21888337447
14 39967679821
1 244841191872
7 47196039812
1 477989787576
1 88769128894
1 226257775657
43 30770869350
1 472976499108
2 12940693515
419 1503006370
1 204782416512
1 260576317187
1 376796311639
1 579184213481
1 460461872812
1 494382866361
1 187977629598
34 49863903171
1 416197315514
7 56951196759
3 92214092839
43 33821006105
1 147302076622
1 597465883957
1 81901496518
3 87179907017
1 275139572767
3 121197753020
1 597832400479
77 8441860249
17 24057813275
3 218231244509
1 245641342398
1 138523152970
1 350256331165
1 460904862719
14 133600132081
1 205972805581
7 33143714662
1 616551558238
1 519432705311
14 100859232471
1 246961182011
1 450182061861
1 156150376456
1 295253111722
3 220874254682
1 228116299600
1 218674222179
1 309154909134
14 67747865783
3 67341398600
1 647288646191
3 193450649890
1 360290824593
17 16684681929
1 126992843175
1 655002808079
419 5268172965
1 285126889638
14 76359914595
43 16257652946
3 148349187587
1 46815906011
3 39814584049
1 237091290496
1 291051150266
1 159310552942
3 77338956749
1 357186581462
1 17396959045
1 223763022220
1 521213326157
1 146906209724
1 644536859947
1 169647314102
1 275266191855
1 448130872630
7 17427067827
1 399960137505
3 187917903800
1 248891579162
3 110114975159
1 57394929354
1 450535231737
14 45712328019
1 328975704110
1 221945840894
1 301553940348
34 36672343975
1 456222226111
3 35927108788
43 35629063636
14 71100094493
1 495550062021
419 11142960364
1 101464629100
1 119461634524
3 240628034542
1 12132125406
43 17550945184
1 624852786020
419 1322461278
7 19569557429
3 233441135188
1 89664151175
34 47258740751
7 64083081581
17 19711347311
1 174098940675
77 5123207128
1 474921141071
1 555883890043
1 284757495467
1 649948412273
1 312310713918
1 606048613639
14 47222945887
1 173974653468
419 6106949215
1 296960893252
1 435856056408
1 222358063065
1 428725281366
1 98084661182
3 35035500392
1 24563048128
1 403359198136
43 19332957837
1 13526183198
1 15767022926
3 166642642672
1 138385380403
1 13800756417
1 598892321478
14 80283362177
3 150134141737
1 567317781710
1 58573361684
1 380409650611
7 62714534284
3 123644807428
1 250174955737
1 338840695008
43 23221151351
1 116615271437
77 6179062304
3 190183763123
1 69528660416
14 90193431025
1 329633429174
7 14135802881
3 186615984352
1 465058210198
17 24288698300
7 27141326523
1 473633839088
14 52349560343
1 334414303025
1 465864456153
3 129658938740
3 239167350889
1 223507100735
77 15973600604
3 55921534687
3 62724089927
1 592711638914
3 168980416724
2 5944802521
3 187041684130
1 261297916307
1 193911725435
1 539054544698
1 353160992109
14 34258449437
1 402410159349
1 312705582654
1 201038850155
1 355783881907
77 14392534782
3 142043942128
1 187792531708
1 409597233392
43 34608903696
1 377127649644
3 188077039361
419 7924302078
1 278407985424
1 89539520499
1 370217999220
1 83380756988
1 627683899059
43 30302031018
1 73126333184
1 573544867412
3 158986194038
1 419068652716
419 4885068958
3 210458201602
1 190061621436
1 497516573301
1 216122660229
3 103386067742
1 8582381274
77 7118549117
7 17157872892
1 135375974094
1 622290297655
2 3496455871
7 45882627046
1 143489220835
1 58392026030
1 45225797503
7 56767644250
1 332049735119
1 118772425317
7 26695605395
1 164200934088
3 147527006285
1 374721658963
1 412961353300
1 435519247286
1 470780500655
1 328943563486
7 25883701974
3 39654076243
1 302065463444
3 134581211552
3 89002962806
3 190690794569
1 97307675781
1 70216949822
3 122104331123
34 50127350653
1 501576841697
14 91634050071
3 251869501508
1 559330735639
3 181431496177
1 99771925813
14 51758082503
1 464910937801
1 502206419569
1 645567255997
1 152333750990
1 618208941361
1 248305233908
1 66523030191
43 24587232224
1 596383440970
1 515887870655
1 131283843711
3 205353547675
17 20182736871
3 203504369897
7 35057063926
7 13607507968
1 358749499432
3 248127374608
3 134461866538
1 608318997752
7 25027688491
1 114377709875
1 566952891252
14 94687272773
1 182084639419
1 502495294256
1 328203453902
1 185420434104
77 4262719012
1 113589038970
14 121436126673
1 9337627121
3 57753828295
419 919352637
1 382820178024
1 349294004380
1 92483072680
1 260455144581
1 109002058621
1 315956198540
3 116600103857
14 113780730877
1 444743698599
3 115551023827
1 65587749392
1 412126027483
3 137186902351
1 465982793486
1 145047576638
1 509457975479
14 56309880775
1 160557801721
1 405408183256
43 42063153389
1 82138425464
14 67915225011
1 545194204466
1 375453536129
1 410768119247
1 21600262122
1 183756889348
3 110207581048
1 315709525116
1 65891739538
1 95953469592
1 349661138209
1 211147294346
1 593987862619
3 39787961020
1 257318258368
1 83356873606
14 31952529689
3 211559221771
1 454741135141
1 427933054838
1 648329852139
14 74374109601
7 885218426
1 290830400959
3 129787747732
1 590981033438
1 179509419529
3 246464537777
14 88545546913
14 105444587415
1 224724535870
1 219431355163
43 41200261841
1 386214425258
1 122804248174
1 217810020494
1 79522128462
1 21726555700
34 47762517111
419 11993421821
1 367283667953
1 257416915385
3 49433465918
3 48409291325
1 128022329703
3 90750750829
3 90172720088
1 608232330102
1 403232418334
1 301844798317
43 35163102690
7 16249800898
1 640275553116
1 38892769389
419 8121092470
1 65520109100
1 615914777632
1 271532047004
7 19848530138
1 358122172472
3 228349487417
7 48122784305
1 332966849750
3 197790358321
2 14677707731
1 396546140585
1 625373775507
1 285379155697
1 429848861354
1 486987685618
1 523718781281
1 176200420754
17 21349857722
1 56221459739
1 615962536250
1 586714616403
7 18168938208
1 572274279452
1 90061905609
1 30539172543
1 560652630541
3 199844026442
1 93748891301
1 119731653514
1 159158179298
1 77978834679
1 141685663084
1 285295328342
1 112417967693
1 437086508728
1 420044156036
43 30530050991
419 12912874099
1 260199792019
1 248439111431
1 606678119098
1 308531870253
1 114622852288
1 473577531191
3 49050526583
1 604232931481
11 932306533
43 24809985777
1 413329314206
1 316066733157
77 13130944856
1 211588349006
1 567772236601
1 250728788714
1 136281136773
1 310395897206
7 43233063242
1 520151065758
43 40920166609
1 599499603122
14 25370994555
1 557355409192
1 174785717845
1 468512982638
1 173289165566
1 193005009376
1 281957316451
1 193506985631
1 208067817457
3 252541328498
3 140446185973
2 10023458811
1 56749889350
7 50389165119
1 398628022537
7 19108981515
43 40761207499
1 19635588977
1 211232440914
43 24931753111
1 277643239311
77 11416422021
1 394349018975
1 526223351752
1 560789031137
3 40111162886
1 140697175414
1 381964578888
1 425453335069
34 40572156033
1 412319834496
1 203421687006
1 416312189895
7 43468994722
1 344912721917
1 8347795128
1 240217468456
43 33577670219
1 44556462787
1 466445332129
3 87059732347
1 241697445764
1 430242272095
7 26792103591
1 473054043244
3 64139745710
1 460388028634
1 588155890455
1 542501685195
1 486505670661
3 166062374087
1 378788482706
2 5632421509
1 32002579698
1 158682725741
1 607767050376
1 267139337839
1 145815367267
3 252264050653
3 244678967828
1 437719184173
1 157238030998
1 527505970168
3 92634631961
7 37118311327
1 113300536517
1 108309017412
1 450733179804
3 38506001980
7 21639551720
1 73671667766
1 297023899963
1 188491701033
43 22414091010
7 11951740501
1 232510719523
1 275903565358
1 78880646216
1 258053269501
1 24346532540
1 3488143361
1 614237171969
14 134578669305
3 90479245552
14 58727943115
1 469530405766
43 32029141363
3 156195305624
1 653213443051
7 49882161201
1 607581608966
419 8733189411
1 357090948751
17 17218996979
1 648383171440
1 207534123396
1 649471812109
1 31840789725
3 199456956608
77 4671275559
1 242490386511
1 286723129013
1 346378395766
1 550317383547
1 599266842881
1 25933462588
1 486141118019
1 541045979321
1 34364844422
1 318356417654
1 501120933047
1 269582456183
1 99514004499
1 111397062399
1 338107397453
1 451624131538
1 26498266458
1 59632126172
3 183606253559
1 621331551277
1 230737194602
1 101410301135
1 235656481786
1 428021818827
7 52313634167
3 138223582232
1 493480897758
3 125450083507
1 200478112431
1 115607067987
1 530369093799
1 122662050746
1 534160070799
1 302803794043
1 36267816317
3 239836082956
1 222333443365
1 59659297340
77 14754115126
7 36192042597
3 170946137086
1 108672692432
1 518934788419
1 60784498168
1 472988304594
3 61181189752
3 104179401002
1 418745897514
1 584713179690
1 475916368494
1 620817837772
1 428429762656
1 61453712868
1 574297009649
1 71156410294
1 219864349897
1 159359973863
1 257230020797
14 31639986817
1 258907886763
1 648918989466
1 7785240128
1 633302256888
1 553002139636
43 21717399492
1 107109695537
3 131968774646
1 656978033497
43 24053348837
1 389961518257
77 10138361909
1 598432506072
14 115809656171
1 581582584300
1 501323137426
7 20565277297
1 625809737905
1 286264724761
1 76699397063
419 9817645125
1 7353234287
34 42065282111
1 574316270547
1 23636606097
1 293850249072
43 32972057303
1 21053358048
1 178096702318
3 39761524888
3 172087373155
1 420086410543
1 338152480098
1 551658074414
1 233347035797
1 69832833620
1 309317765603
1 395657206831
1 371646380101
7 45148081945
1 385970857444
17 24147690114
14 112026040029
1 350332394845
3 260714100824
3 200988779443
77 13932070027
1 402613578891
14 29737917933
1 447675364485
43 39728839976
3 220660875293
1 593472238803
1 415559291589
1 240809204109
1 327127485607
43 36056150498
1 495358637467
3 241604979001
1 381843716159
1 53823674748
3 223375806806
1 21085412701
1 234063673858
43 40401981908
1 532345205588
3 136659695045
1 407122079825
34 39281880685
1 488241030208
3 46827377971
1 87043704929
1 447625477261
14 81479482551
43 29530953453
1 318581861106
14 106652701627
1 362419624709
1 287283517401
1 5243937548
1 343974057806
1 467853225878
1 314617261477
3 146063298637
1 129220395433
7 67170580161
3 51496176916
1 145941757958
1 43984893047
3 240516481678
1 373879634284
1 141387825530
1 642172880667
1 401160189967
1 511279876283
1 405009229136
1 187967701130
1 8718729501
3 51891361013
1 220248700997
14 51704057521
1 648360920829
77 14196125873
1 580373396262
1 308803412574
1 290629016112
1 84080616945
1 307174929945
77 14120539220
1 164148770898
1 39057445787
1 617022561561
1 94956394909
1 70847694404
1 340427957604
1 599124767897
3 46599605185
14 100253647751
1 604138689575
1 257159556207
1 618398963126
1 99378952212
1 289640054604
1 175284302773
1 544318930047
3 75057720262
1 200776225438
1 340923543557
2 18062160265
1 466099714385
1 524110999559
1 574862233410
7 23135233941
1 97392527058
1 490441185615
1 111587446557
14 42808398609
1 161761840711
1 634170882893
1 541879516625
3 180079620341
1 298187398109
17 26221692375
1 59330808990
3 88145015023
3 68942422306
14 32038413347
14 30367137509
7 49658307187
1 71100189218
1 4897331279
1 200333296995
1 433348220205
1 527219465826
3 86288985089
3 200371567259
1 249552929503
1 410879425788
17 18271316686
1 253836981103
3 38080100654
1 571356231389
1 395149225515
7 17456012479
3 85268420192
1 257589212796
1 542031443436
1 1867765071
7 39313339587
1 516788503661
1 524938475164
1 435703615444
14 50746060439
3 194784020198
1 300181559880
1 616479100497
1 265260028463
1 631102376080
1 43716390350
1 271703414532
3 172623266330
1 515983140128
14 134048403257
77 8785900612
3 123368323127
1 472728621462
2 6305699897
1 532972079931
1 196597212428
1 46483204501
3 220461348700
1 361888853026
3 237663691814
14 49776892577
3 149760418843
3 34295335310
43 33629627015
3 220997987768
1 318888110149
1 250462246695
1 120269411424
1 98676963954
1 143968772766
1 137622190274
1 551653086220
1 614377991597
1 412822997190
1 517086171167
3 39091412725
1 537204015109
1 210081134471
1 37900526618
1 155323155510
1 645481745147
1 351014147592
3 227515790558
1 322565309720
1 422843050505
3 47593535167
1 599838173616
1 148768310079
1 69252428452
1 378679798185
1 378841799251
1 463186959279
1 150034193429
7 28218830130
1 492839589345
34 47932555293
43 21906143776
2 13196976969
1 25302683212
1 639524061807
3 186673844290
1 475820199286
7 41973602868
1 651130809447
419 13465290170
14 64435745701
43 12177992573
1 461068802483
1 215790606479
1 71599628823
1 181736504746
1 463444297122
1 529247051509
1 401522133779
1 439777664172
1 57188577303
1 656501392240
1 301947207113
3 242190277346
1 482343150993
1 153871681352
1 423378578925
1 81620921372
1 174565042916
1 255072559592
3 131111310505
7 39400936639
34 48391863099
14 96876567745
17 21682777168
1 94264549435
1 261825868526
1 311379401629
1 561696969937
1 377462680028
34 52934043889
1 247335727496
1 17089447554
1 492026576718
1 227678420237
3 78761726500
1 296276808490
1 628133005538
43 28627636704
1 3901044786
3 36315099134
1 96988816972
1 189314698626
1 569736719970
1 7396797043
3 207683025068
1 190824320806
1 562910065266
1 169815990617
43 38470191076
1 597678305116
1 267460336391
14 70723792313
43 34256485488
1 464997467572
7 48906651786
1 525384331225
1 106046117601
14 85249950153
1 428212845199
1 159303319469
43 9499117508
1 164186059547
1 581537682251
1 149065683436
3 53396902441
3 37499092024
1 615900334684
1 383480529654
3 89671235669
1 455061028102
3 204085082696
14 130114383799
1 402340584103
7 24151098878
1 621993837105
1 124161434980
43 28904320178
1 52692692384
1 65890001393
1 453372716279
3 165164434210
77 6166009441
1 22318351046
3 171377933015
1 75839643006
7 44745612819
43 37279043226
3 227082017272
1 557074891437
7 17306949951
1 404992113917
3 211665107549
1 30857035310
14 53972654919
3 69045704371
43 26129385466
1 48680533209
1 270398606076
1 160744307901
1 637121628909
3 63344256256
1 450415310839
1 513980596098
1 552983866865
3 55518561794
1 348904510028
1 510136697554
1 296339977904
3 178713874865
14 94502288521
1 446167285351
1 448690828026
17 19501123212
1 524923997247
3 188280352516
1 457042735407
34 35135387071
1 30590767603
1 449246609563
1 357278275488
1 551258167430
43 18477675922
1 594584949168
7 41378741337
1 460044775420
3 186976212208
1 436980349742
7 66155194058
3 79359868664
1 420070128843
1 547653875520
7 37273177532
2 13857838719
1 136448634061
7 12027670979
2 3064098081
7 66052909116
419 10326064720
43 34675154615
1 457079594054
1 26217291847
1 23400684346
1 201547958325
3 81210893393
34 35416622531
1 519967208343
1 80068114145
1 233645415787
1 442170614365
77 6361388349
3 92998895554
