1 264125675145
1 372639903184
1 495579274773
1 535494205032
2 51765037225
9 173145651848
2 319592525693
1 172103316807
1 200241538239
9 79027919326
9 26028662884
3 12775642064
1 480449673023
1 205281203466
1 531787000317
3 35222999293
3 50450779834
1 339146867703
3 33339747025
5 10410716182
9 101838271133
2 95284117289
1 153235000978
1 59033122522
1 530702841099
1 710519637
9 43095409592
1 176273372044
2 526662004117
1 413015575199
1 233135066430
3 30990292525
9 175285435955
1 221900263142
2 369542442883
1 435249473892
2 375739347377
1 244198147928
1 520448967324
9 151200171776
2 129389626149
1 91625503150
2 321825387693
1 146393490546
1 361830099369
1 78364458008
1 124069663860
3 13115341747
1 298182142474
2 176960238351
9 69761332594
1 354946419835
1 95592589009
1 344870041464
1 406982388050
9 29632559893
3 38964915623
1 410797710497
9 165666537784
1 215327061080
9 112796400499
1 24735212710
1 285994956749
10 19046035163
1 69205515656
1 389297138439
1 109436615634
3 23206905641
1 184740960717
1 136698289102
2 310985335833
2 330651505649
2 229183474311
2 312260549231
1 47374455738
2 524395550045
1 504607187905
9 72261973151
1 84592868191
3 19369181626
1 330859430508
1 472117296083
2 503499262225
2 360700470675
1 211149312792
1 30957290485
1 93050082157
1 483678930391
1 140741116600
1 541944251270
1 254714457651
3 22100699228
1 525479136921
1 182072205212
1 16594589490
5 6295538116
10 19253682889
2 340413333085
1 436507484439
2 483111040563
9 25330074749
2 151117086483
9 86334099112
2 540741244951
1 236862248825
3 17911063229
1 96539944965
1 255663876737
20 2955892553
1 205792596751
1 251673519706
1 541227622288
9 80292007115
1 404830818700
2 189017148615
1 381084366726
1 256824505880
1 440993148917
1 333548860544
2 452774031273
1 302588086018
20 46681464833
1 99467898270
1 211587336398
1 131087250274
9 61981282862
2 268288587977
9 72139856764
1 377985847566
1 375479303358
2 99143545061
1 240385696359
3 41604770806
1 259916058151
1 449914353606
1 95302487637
2 571140701689
2 376667814787
1 370754468636
1 312675150286
1 402197930754
1 412153457290
20 7322310401
2 447966140349
2 321102322051
1 104797588995
2 524986225441
1 281867183588
2 140306170327
1 239244140258
1 126488784006
2 59969873769
9 33843010340
3 33547342868
1 178898029232
1 115246130422
5 5465532236
2 348307942823
1 245184671545
9 32715548719
2 299469209117
1 164844488545
1 506743406971
9 85152589619
2 529416550375
5 13252358179
2 299413949665
2 242286919093
1 53151785465
1 256243213578
1 499357869670
1 461903833054
1 474226388856
1 375344947580
1 458224738027
1 420558451133
1 342894247029
1 176695638253
9 59710948238
1 337336340705
2 503560649265
1 372057430400
1 503685668954
2 110265416291
1 420819372322
1 36675109818
1 438237951055
1 497401760247
1 477607714258
1 425141062454
2 518180544895
1 360793720182
9 44498180549
2 490869647945
1 77883907331
2 565367042919
1 103016376100
9 81719660992
9 94754528951
1 169251376178
1 259424475188
2 57346596147
1 167450626634
2 556108278435
2 356202787275
2 498328889255
2 266230893735
1 411244238485
9 168880239451
1 137098941660
2 324122435753
2 275532093393
1 68923442664
1 153058858346
1 525641153555
2 72672448361
1 326202850601
2 92489569389
1 310676200729
1 233790847723
1 105873230544
1 197071451777
20 42206041193
1 408185179936
1 415240281706
1 60736087689
1 151279346005
1 212459237478
1 45509450511
1 111895171788
2 278950214001
1 143653226583
1 37575495837
1 347200537243
2 122386985915
2 340744724913
2 90097591329
1 132243630093
1 281724280528
1 254449338837
2 360713734149
1 343999830342
4 8033524941
1 129478549468
2 377894841557
1 173870401081
1 186986471703
1 65149863997
1 271173312770
1 124777740548
1 406073756514
20 24467364757
10 21160819907
2 507984421313
2 233667197923
1 159134125537
1 464693983024
1 214614197214
1 211475402273
2 394307021307
2 528509129531
10 23376775469
1 542347956433
9 59276284913
2 174481781089
2 285115708447
1 328424080258
2 486298238631
1 266550195780
1 429668825352
1 23482803365
1 17002665925
2 407018313
2 254509403965
2 535902699537
9 156549541051
2 134000953705
10 19246855711
9 33528653278
1 84089824998
2 385271015277
1 364725400843
2 79869093223
2 577324385175
1 249401926120
1 292514657032
9 138363476593
1 367846626149
20 136256031
1 126416429544
1 484763124259
1 350213477398
1 188129935299
2 287463484017
2 517361554743
9 138559189189
2 144125311413
1 123558481312
1 392224109516
9 139029264860
2 503306551825
2 53728208617
1 349240220583
2 469972738871
1 437155583157
1 243856710733
1 184543104047
10 16602381091
1 95130030373
1 77774400499
4 4450374737
1 174414282343
3 35514693305
1 52673216009
2 345650215403
9 40708679302
1 443346346965
1 41298170980
1 48345984700
1 10171416553
2 502566641019
2 487187596593
1 22766752062
2 100054100237
1 482558799661
9 23932515292
2 552368341887
1 416114675451
2 73140952247
1 162653436195
2 322086081183
2 93575568395
1 450848690369
1 383121999249
2 54248035007
9 49350577541
1 332334375127
1 539097678656
1 386696362029
1 430718979192
4 610442133
1 194589927238
2 346470867361
1 204452396603
2 386001023601
1 448090926628
1 193443315840
2 540869413095
9 106065786064
9 138548252122
9 125128261403
2 345483750661
2 347374400091
2 497778416893
1 458818926770
2 346396564029
9 39927963170
9 143577455323
1 35608574663
1 17620633941
1 289312710233
2 129095412069
1 510120824354
9 29808274237
1 493841802126
3 24139037327
9 61718039972
3 47072363864
1 53559612536
1 497641883739
2 397415520019
1 149259107662
1 17573349617
2 362628944069
2 489961665609
1 312865071245
1 33259445747
10 18783747609
2 164778148783
1 51314325864
2 416615976661
9 118742295089
10 9924133241
5 1652781097
1 492590513998
2 238178863427
1 387221024781
2 156743286491
1 526278429609
2 512090867851
1 124766583600
1 333718648589
1 442122913656
10 13446752569
1 24116763984
1 159652558183
2 61533283409
1 13058792495
3 43947031082
1 307834510544
2 342050509819
1 344778990953
2 443306050605
1 540788386401
20 50157655409
2 43932149321
1 65887085822
9 108442570366
1 307671879937
1 360826068696
1 359154272477
1 139813589710
1 536043547358
2 366014445987
2 304347333499
2 553616494947
9 30919063196
1 248955047362
1 12251624436
1 304748192546
9 167340681095
1 525474367190
20 5510679941
3 32997132788
9 172420503761
1 27630097748
9 84410629168
20 1936433401
1 477394894087
1 311467477091
2 94762842545
1 357901648371
2 298767329501
1 129216451548
1 61426321405
1 396737444302
1 81775765056
1 162089843966
2 96795899813
3 39182047259
1 330948781017
2 564880874099
1 261010716928
1 295652839391
2 195245297657
9 51393731939
1 220630544986
1 217672735046
9 152849659945
1 192171432562
1 133325644300
1 128526770221
1 49746052435
1 302958622200
1 540103664000
2 197368078191
9 96956367224
20 7110215039
9 145738744472
1 419660791525
1 137698422116
9 103034532073
9 116588372315
1 103445756254
1 497766318868
9 27078970927
1 13130321583
1 197944442907
3 43141732126
1 408094322397
2 479559533697
1 188350178791
3 38810382275
1 284529749048
9 174089251691
1 381478129422
1 217381919167
2 52941361069
9 61514331445
1 362107546949
20 46071799143
1 512336151765
9 103483099238
1 138846371237
2 522128247303
1 362897741076
1 328461254286
1 492516716900
1 467333935695
2 254031220435
1 480219533663
20 46454945821
1 431969623254
9 92007861739
2 266901874365
1 118253984026
1 55115456587
1 356506581865
2 315099199591
1 538579865481
4 9813710399
1 382931485308
1 505797072814
1 121432773273
1 78431402435
1 103502592083
1 132714116376
1 512499456853
1 64979349470
2 220256691073
1 219778857491
1 401431440011
1 35220231446
2 561171921169
1 24353069956
1 472101614929
5 2472174743
1 224978250081
9 58895885101
2 157475735671
2 499833850621
2 267070456885
1 106708154812
1 231500566870
1 82549234612
1 452796854142
1 403702148692
2 511734022767
1 367361292280
1 68783011971
2 157924043369
1 276007803373
1 290992772890
1 343453284769
1 516656284595
1 40854712377
9 93321852871
1 465904267685
1 269376504238
1 338965732659
1 103635977594
1 354575776717
1 69159193473
2 559478011321
9 168728362396
1 453570245290
1 531398151883
1 405472823519
5 660472506
1 303114871507
9 130546070645
1 393207735739
3 47294254417
2 176292929267
1 187686398710
2 380490965145
20 19370889419
1 482125074244
1 75329204435
1 185439172371
1 336201437661
1 501628994977
3 26178984418
1 484516192570
1 129944980967
1 352050868745
2 266495687959
3 35058801796
2 73825313527
1 286709897406
2 242948799277
1 524972682433
1 405847884002
9 95685174992
2 773379887
1 181394783877
9 143334494533
3 11309491319
2 434789411173
1 239904960220
1 304461269014
1 272079274462
1 498563250162
2 177318073209
1 364541565376
1 492975445698
1 184443476039
3 11653590892
1 234656333992
2 420207869685
1 177934517133
1 72008474044
1 207644087773
1 159640791159
1 516025227994
1 365420848957
1 280437179939
1 265813194957
1 388790754485
2 370968691609
2 453816890167
1 137412092963
9 153587505436
1 366553852382
2 159573666401
2 278492794301
1 477407962919
1 185573292907
2 279062603569
1 182916618642
1 479615881292
1 48676132659
2 522131969809
1 293751141489
9 131577168817
9 113733551470
2 87923654197
2 158165493939
3 52795651252
2 419141341827
1 2109820400
1 331807877277
1 368303479234
2 216634806331
1 447586082103
5 12934485756
2 390846196271
2 265364041341
1 45165314129
1 131109900058
1 446540811037
1 23295676041
1 440727195391
1 17297793272
1 102165063628
2 98057493125
9 86558728946
1 73769195972
2 92957311445
9 51969358357
1 409049348088
1 414765712905
1 414016157704
1 277432110387
2 426292979573
1 228155781628
1 194833687976
10 12750565033
9 169054393637
1 152125083332
1 225153068436
2 546956659301
5 6269302539
1 499158408399
2 338363804013
20 18917660561
1 218799000289
2 413872193523
1 117345590744
1 374158449731
1 66297662466
1 474704596985
2 359919626651
1 265530520773
1 9147433594
2 315167498473
1 380038314187
1 543345049587
1 449804510400
1 132943342077
9 166521435220
1 367220230476
9 67184364392
2 206214043243
9 168614660540
20 26769897367
1 518670822277
1 515675421450
1 268128321337
1 469484321853
9 105545663506
1 502010511159
1 319934931141
1 450522804371
1 220053744589
1 82801678716
2 352797217141
1 193927317506
1 222290139364
1 398297820491
9 126171234952
2 241440185797
1 173254317591
1 239276328269
2 209103520379
2 101509597123
1 533700450644
2 545053276811
2 435244577171
1 385584073938
1 368814629030
1 137501166491
2 369607471151
1 489038830959
1 149354921171
1 170874351793
1 18063480912
2 514667681219
9 56821127545
1 242368836608
2 127261354605
1 320381382971
5 10230692327
1 54778729084
1 514910294753
4 7364751441
1 470588831203
1 46351559205
9 169866888217
1 43365191170
1 504055209578
1 110654197439
2 318877621387
9 148636661092
1 202775668141
3 8192795683
1 421181802083
1 2129947739
2 231875161809
1 286305110250
1 118141032819
2 151153439961
1 39803090596
2 44632774675
9 92984513206
1 271853533806
1 509397557279
2 135551403517
1 150718815564
1 337608653648
1 444903658
9 170186561186
1 529502488824
1 327235260229
1 91767373793
2 355590567437
2 266192338103
1 31532818245
1 412296173057
1 17509487852
1 332719755911
1 326088053210
1 409305729721
1 243091014850
1 54857705202
20 36205798859
1 485214039236
2 222591453953
2 437467960037
9 154083938570
9 150279495158
1 399373994856
3 41785328512
9 39632484427
2 210773925593
2 480926050233
2 319974969417
2 296980852361
1 26052632575
1 69403499452
9 169169482099
9 171946835722
2 501584474127
1 88715236909
1 258668215462
2 531568740197
2 321774064581
2 330684970083
1 325719930549
9 152121731392
1 395624317625
2 346540139419
9 82480102204
1 46100671947
1 364181659458
1 111295694355
1 50043072461
1 414357997176
1 299975473585
1 211637443787
1 286330159809
2 295047684833
3 31458778768
1 534311482161
9 49356518816
1 398703099088
9 111296040661
9 135604622647
1 326442796762
1 149239454500
1 94149404148
9 51292715923
9 110654347330
1 372088155537
1 321899517038
2 195410613395
2 302437974595
2 83915173893
5 3333872178
1 531427716952
1 145242137055
2 45783573861
1 511394934851
1 345093808719
2 155247584845
1 75701490222
1 157795793529
1 13407815398
2 384259635761
1 538709150404
1 451960497463
1 55806200561
2 118821551835
1 336943093752
9 119218588541
9 74310468836
2 235714973983
1 25802538301
2 277505484307
1 365932279731
2 297813071999
2 555530482909
1 71921906530
2 237022934455
1 387105858334
1 460094826975
1 222966278131
5 10558286516
1 397005519409
10 24675458481
2 268059885389
1 55091718688
2 402206881185
1 315515757605
2 263058993491
1 439987782749
1 338602591856
2 530949274045
2 455589960533
2 399373840149
2 190403400729
1 295675337547
1 145540438336
1 125441392826
1 47477620070
1 275360676593
1 437481856982
1 465585638793
2 177127073411
1 410855613646
2 408074210531
1 187771361015
1 89337460411
1 256969513747
2 501761034279
1 128732659371
4 2568946557
10 21553702133
2 450651747427
1 97657561517
1 539818895561
1 43574985899
3 8424369067
1 340123157202
1 116930316371
3 53021871409
20 5596308517
2 108705226183
2 195470394557
1 102154931312
1 369432500704
2 411033146607
1 360384530166
2 40349014013
1 83139481805
1 203667834524
1 316537895909
1 328437334349
2 136814176927
1 348685135452
2 478353141499
1 246407676005
10 9157552167
1 255469458252
2 536908394767
2 305216939859
1 435323103819
10 7778632933
1 261114231530
9 117774527602
1 225427914833
1 320137744253
1 171818328855
1 40990896515
1 39312679441
9 82038442571
9 96767805539
2 548082355741
1 253663336574
1 472347718682
2 560854659297
1 384208793840
1 33720017615
1 26086224725
1 24786317654
1 177686789833
2 344853696215
2 535556666709
9 101546118772
4 6939357003
2 81691553019
3 13493488873
2 374070952419
1 409591430994
1 259352983535
1 167777717883
5 3146504993
1 246475490194
1 451819268198
1 293250793697
2 377609583035
1 194106562819
1 86091436804
